2024-07-10 17:10:43.761 MSK [34480] LOG:  starting PostgreSQL 16.2 (Postgres.app) on aarch64-apple-darwin21.6.0, compiled by Apple clang version 14.0.0 (clang-1400.0.29.102), 64-bit
2024-07-10 17:10:43.763 MSK [34480] LOG:  listening on IPv6 address "::1", port 3001
2024-07-10 17:10:43.763 MSK [34480] LOG:  listening on IPv4 address "127.0.0.1", port 3001
2024-07-10 17:10:43.763 MSK [34480] LOG:  listening on Unix socket "/tmp/.s.PGSQL.3001"
2024-07-10 17:10:43.765 MSK [34483] LOG:  database system was shut down at 2024-07-10 17:10:43 MSK
2024-07-10 17:10:43.767 MSK [34480] LOG:  database system is ready to accept connections
2024-07-10 17:13:11.693 MSK [34517] ERROR:  syntax error at or near "\" at character 38
2024-07-10 17:13:11.693 MSK [34517] STATEMENT:  CREATE DATABASE database_from_site;
	
	\c database_from_site
	
	CREATE TABLE MenuItem (
	  id SERIAL PRIMARY KEY,
	  title VARCHAR(255) NOT NULL,
	  picture VARCHAR(255),
	  cost NUMERIC(10, 2) NOT NULL,
	  calQuantity INTEGER NOT NULL,
	  description TEXT
	);
	
	CREATE TABLE "Order" (
	  id SERIAL PRIMARY KEY,
	  items INTEGER[] NOT NULL,
	  user_id INTEGER REFERENCES User(id)
	);
	
	CREATE TABLE User (
	  id SERIAL PRIMARY KEY,
	  name VARCHAR(255) NOT NULL,
	  orders INTEGER[] NOT NULL,
	  role VARCHAR(255) NOT NULL
	);
	
2024-07-10 17:14:24.881 MSK [34517] ERROR:  syntax error at or near "User" at character 297
2024-07-10 17:14:24.881 MSK [34517] STATEMENT:  CREATE TABLE MenuItem (
	  id SERIAL PRIMARY KEY,
	  title VARCHAR(255) NOT NULL,
	  picture VARCHAR(255),
	  cost NUMERIC(10, 2) NOT NULL,
	  calQuantity INTEGER NOT NULL,
	  description TEXT
	);
	
	CREATE TABLE "Order" (
	  id SERIAL PRIMARY KEY,
	  items INTEGER[] NOT NULL,
	  user_id INTEGER REFERENCES User(id)
	);
	
	CREATE TABLE User (
	  id SERIAL PRIMARY KEY,
	  name VARCHAR(255) NOT NULL,
	  orders INTEGER[] NOT NULL,
	  role VARCHAR(255) NOT NULL
	);
	
2024-07-10 17:14:53.067 MSK [34517] ERROR:  syntax error at or near "User" at character 297
2024-07-10 17:14:53.067 MSK [34517] STATEMENT:  CREATE TABLE MenuItem (
	  id SERIAL PRIMARY KEY,
	  title VARCHAR(255) NOT NULL,
	  picture VARCHAR(255),
	  cost NUMERIC(10, 2) NOT NULL,
	  calQuantity INTEGER NOT NULL,
	  description TEXT
	);
	
	CREATE TABLE "Order" (
	  id SERIAL PRIMARY KEY,
	  items INTEGER[] NOT NULL,
	  user_id INTEGER REFERENCES User(id)
	);
	
	CREATE TABLE "User" (
	  id SERIAL PRIMARY KEY,
	  name VARCHAR(255) NOT NULL,
	  orders INTEGER[] NOT NULL,
	  role VARCHAR(255) NOT NULL
	);
	
2024-07-10 17:15:43.757 MSK [34481] LOG:  checkpoint starting: time
2024-07-10 17:15:52.456 MSK [34517] ERROR:  syntax error at or near "User" at character 205
2024-07-10 17:15:52.456 MSK [34517] STATEMENT:  CREATE TABLE MenuItem (
	  id SERIAL PRIMARY KEY,
	  title VARCHAR(255) NOT NULL,
	  picture VARCHAR(255),
	  cost NUMERIC(10, 2) NOT NULL,
	  calQuantity INTEGER NOT NULL,
	  description TEXT
	);
	
	CREATE TABLE User (
	  id SERIAL PRIMARY KEY,
	  name VARCHAR(255) NOT NULL,
	  orders INTEGER[] NOT NULL,
	  role VARCHAR(255) NOT NULL
	);
	
	CREATE TABLE "Order" (
	  id SERIAL PRIMARY KEY,
	  items INTEGER[] NOT NULL,
	  user_id INTEGER REFERENCES User(id)
	);
	
2024-07-10 17:16:37.271 MSK [34517] ERROR:  relation "menuitem" already exists
2024-07-10 17:16:37.271 MSK [34517] STATEMENT:  CREATE TABLE MenuItem (
	  id SERIAL PRIMARY KEY,
	  title VARCHAR(255) NOT NULL,
	  picture VARCHAR(255),
	  cost NUMERIC(10, 2) NOT NULL,
	  calQuantity INTEGER NOT NULL,
	  description TEXT
	);
	
	CREATE TABLE "User" (
	  id SERIAL PRIMARY KEY,
	  name VARCHAR(255) NOT NULL,
	  orders INTEGER[] NOT NULL,
	  role VARCHAR(255) NOT NULL
	);
	
	CREATE TABLE "Order" (
	  id SERIAL PRIMARY KEY,
	  items INTEGER[] NOT NULL,
	  user_id INTEGER REFERENCES "User"(id)
	);
	
2024-07-10 17:17:01.676 MSK [34517] ERROR:  syntax error at or near "Order" at character 15
2024-07-10 17:17:01.676 MSK [34517] STATEMENT:  select * from Order
2024-07-10 17:17:08.678 MSK [34517] ERROR:  syntax error at or near "Order" at character 15
2024-07-10 17:17:08.678 MSK [34517] STATEMENT:  select * from Order;
2024-07-10 17:18:09.069 MSK [34575] ERROR:  syntax error at or near "Order" at character 16
2024-07-10 17:18:09.069 MSK [34575] STATEMENT:  select * 
	from Order, User, menuitem;
2024-07-10 17:18:56.818 MSK [34481] LOG:  checkpoint complete: wrote 1910 buffers (11.7%); 1 WAL file(s) added, 0 removed, 0 recycled; write=193.007 s, sync=0.016 s, total=193.061 s; sync files=630, longest=0.001 s, average=0.001 s; distance=8898 kB, estimate=8898 kB; lsn=0/1DF5808, redo lsn=0/1DB7468
2024-07-10 17:20:43.818 MSK [34481] LOG:  checkpoint starting: time
2024-07-10 17:20:47.488 MSK [34481] LOG:  checkpoint complete: wrote 37 buffers (0.2%); 0 WAL file(s) added, 0 removed, 0 recycled; write=3.662 s, sync=0.004 s, total=3.670 s; sync files=27, longest=0.001 s, average=0.001 s; distance=249 kB, estimate=8033 kB; lsn=0/1DF59A8, redo lsn=0/1DF5970
2024-07-10 18:02:04.858 MSK [36417] FATAL:  role "server_database" does not exist
2024-07-10 18:03:15.005 MSK [36485] FATAL:  role "site_database" does not exist
2024-07-10 18:07:06.697 MSK [36555] FATAL:  role "site_database" does not exist
2024-07-10 18:07:13.429 MSK [36568] FATAL:  role "site_database" does not exist
2024-07-10 18:08:53.952 MSK [36658] FATAL:  role "site_database" does not exist
2024-07-10 18:09:09.631 MSK [36677] FATAL:  role "site_database" does not exist
2024-07-10 18:09:35.123 MSK [36717] FATAL:  role "server_database" does not exist
2024-07-10 18:27:38.953 MSK [37349] FATAL:  role "server_database" does not exist
2024-07-10 18:29:15.797 MSK [37425] FATAL:  role "server_database" does not exist
2024-07-10 18:30:06.585 MSK [37497] FATAL:  role "server_database" does not exist
2024-07-10 18:30:09.254 MSK [37508] FATAL:  role "server_database" does not exist
2024-07-10 18:31:05.415 MSK [37526] FATAL:  role "server_database" is not permitted to log in
2024-07-10 18:31:07.852 MSK [37537] FATAL:  role "server_database" is not permitted to log in
2024-07-10 18:32:52.539 MSK [34481] LOG:  checkpoint starting: time
2024-07-10 18:32:52.849 MSK [34481] LOG:  checkpoint complete: wrote 4 buffers (0.0%); 0 WAL file(s) added, 0 removed, 0 recycled; write=0.306 s, sync=0.001 s, total=0.310 s; sync files=4, longest=0.001 s, average=0.001 s; distance=3 kB, estimate=7230 kB; lsn=0/1DF67A8, redo lsn=0/1DF6770
2024-07-11 12:45:26.278 MSK [39294] FATAL:  Postgres.app failed to verify "trust" authentication
2024-07-11 12:45:26.278 MSK [39294] DETAIL:  auth_permission_dialog: /Applications/Visual Studio Code.app/Contents/MacOS/Electron (via /usr/local/bin/node) is not allowed to connect without a password because system('/Applications/Postgres.app/Contents/MacOS/PostgresPermissionDialog' --server-addr ::1 --server-port 3001 --client-addr ::1 --client-port 58253 --client-pid 39293) terminated with signal 6. For more information see https://postgresapp.com/l/app-permissions/
2024-07-11 12:45:26.278 MSK [39294] HINT:  You may be able to connect by editing app permission in Postgres.app settings. Please report this error to https://github.com/PostgresApp/PostgresApp/issues
2024-07-11 12:47:38.947 MSK [39394] FATAL:  Postgres.app failed to verify "trust" authentication
2024-07-11 12:47:38.947 MSK [39394] DETAIL:  auth_permission_dialog: /Applications/Visual Studio Code.app/Contents/MacOS/Electron (via /usr/local/bin/node) is not allowed to connect without a password because system('/Applications/Postgres.app/Contents/MacOS/PostgresPermissionDialog' --server-addr 127.0.0.1 --server-port 3001 --client-addr 127.0.0.1 --client-port 58804 --client-pid 39393) terminated with signal 6. For more information see https://postgresapp.com/l/app-permissions/
2024-07-11 12:47:38.947 MSK [39394] HINT:  You may be able to connect by editing app permission in Postgres.app settings. Please report this error to https://github.com/PostgresApp/PostgresApp/issues
2024-07-11 12:47:45.032 MSK [39408] FATAL:  Postgres.app failed to verify "trust" authentication
2024-07-11 12:47:45.032 MSK [39408] DETAIL:  auth_permission_dialog: /Applications/Visual Studio Code.app/Contents/MacOS/Electron (via /usr/local/bin/node) is not allowed to connect without a password because system('/Applications/Postgres.app/Contents/MacOS/PostgresPermissionDialog' --server-addr 127.0.0.1 --server-port 3001 --client-addr 127.0.0.1 --client-port 58805 --client-pid 39407) terminated with signal 6. For more information see https://postgresapp.com/l/app-permissions/
2024-07-11 12:47:45.032 MSK [39408] HINT:  You may be able to connect by editing app permission in Postgres.app settings. Please report this error to https://github.com/PostgresApp/PostgresApp/issues
2024-07-11 12:48:49.114 MSK [39492] FATAL:  Postgres.app failed to verify "trust" authentication
2024-07-11 12:48:49.114 MSK [39492] DETAIL:  auth_permission_dialog: /Applications/pgAdmin 4.app/Contents/MacOS/pgAdmin 4 (via /Applications/pgAdmin 4.app/Contents/Frameworks/Python.framework/Versions/3.11/Resources/Python.app/Contents/MacOS/Python) is not allowed to connect without a password because system('/Applications/Postgres.app/Contents/MacOS/PostgresPermissionDialog' --server-addr ::1 --server-port 3001 --client-addr ::1 --client-port 58904 --client-pid 39454) terminated with signal 6. For more information see https://postgresapp.com/l/app-permissions/
2024-07-11 12:48:49.114 MSK [39492] HINT:  You may be able to connect by editing app permission in Postgres.app settings. Please report this error to https://github.com/PostgresApp/PostgresApp/issues
2024-07-11 12:48:53.684 MSK [39494] FATAL:  Postgres.app failed to verify "trust" authentication
2024-07-11 12:48:53.684 MSK [39494] DETAIL:  auth_permission_dialog: /Applications/pgAdmin 4.app/Contents/MacOS/pgAdmin 4 (via /Applications/pgAdmin 4.app/Contents/Frameworks/Python.framework/Versions/3.11/Resources/Python.app/Contents/MacOS/Python) is not allowed to connect without a password because system('/Applications/Postgres.app/Contents/MacOS/PostgresPermissionDialog' --server-addr ::1 --server-port 3001 --client-addr ::1 --client-port 58906 --client-pid 39454) terminated with signal 6. For more information see https://postgresapp.com/l/app-permissions/
2024-07-11 12:48:53.684 MSK [39494] HINT:  You may be able to connect by editing app permission in Postgres.app settings. Please report this error to https://github.com/PostgresApp/PostgresApp/issues
2024-07-11 12:49:08.255 MSK [39504] FATAL:  Postgres.app failed to verify "trust" authentication
2024-07-11 12:49:08.255 MSK [39504] DETAIL:  auth_permission_dialog: /Applications/pgAdmin 4.app/Contents/MacOS/pgAdmin 4 (via /Applications/pgAdmin 4.app/Contents/Frameworks/Python.framework/Versions/3.11/Resources/Python.app/Contents/MacOS/Python) is not allowed to connect without a password because system('/Applications/Postgres.app/Contents/MacOS/PostgresPermissionDialog' --server-addr ::1 --server-port 3001 --client-addr ::1 --client-port 58911 --client-pid 39454) terminated with signal 6. For more information see https://postgresapp.com/l/app-permissions/
2024-07-11 12:49:08.255 MSK [39504] HINT:  You may be able to connect by editing app permission in Postgres.app settings. Please report this error to https://github.com/PostgresApp/PostgresApp/issues
2024-07-11 12:49:47.678 MSK [39511] FATAL:  Postgres.app failed to verify "trust" authentication
2024-07-11 12:49:47.678 MSK [39511] DETAIL:  auth_permission_dialog: /Applications/pgAdmin 4.app/Contents/MacOS/pgAdmin 4 (via /Applications/pgAdmin 4.app/Contents/Frameworks/Python.framework/Versions/3.11/Resources/Python.app/Contents/MacOS/Python) is not allowed to connect without a password because system('/Applications/Postgres.app/Contents/MacOS/PostgresPermissionDialog' --server-addr ::1 --server-port 3001 --client-addr ::1 --client-port 58913 --client-pid 39454) terminated with signal 6. For more information see https://postgresapp.com/l/app-permissions/
2024-07-11 12:49:47.678 MSK [39511] HINT:  You may be able to connect by editing app permission in Postgres.app settings. Please report this error to https://github.com/PostgresApp/PostgresApp/issues
2024-07-11 12:49:50.356 MSK [39513] FATAL:  Postgres.app failed to verify "trust" authentication
2024-07-11 12:49:50.356 MSK [39513] DETAIL:  auth_permission_dialog: /Applications/pgAdmin 4.app/Contents/MacOS/pgAdmin 4 (via /Applications/pgAdmin 4.app/Contents/Frameworks/Python.framework/Versions/3.11/Resources/Python.app/Contents/MacOS/Python) is not allowed to connect without a password because system('/Applications/Postgres.app/Contents/MacOS/PostgresPermissionDialog' --server-addr ::1 --server-port 3001 --client-addr ::1 --client-port 58915 --client-pid 39454) terminated with signal 6. For more information see https://postgresapp.com/l/app-permissions/
2024-07-11 12:49:50.356 MSK [39513] HINT:  You may be able to connect by editing app permission in Postgres.app settings. Please report this error to https://github.com/PostgresApp/PostgresApp/issues
2024-07-11 12:49:52.504 MSK [39515] FATAL:  Postgres.app failed to verify "trust" authentication
2024-07-11 12:49:52.504 MSK [39515] DETAIL:  auth_permission_dialog: /Applications/pgAdmin 4.app/Contents/MacOS/pgAdmin 4 (via /Applications/pgAdmin 4.app/Contents/Frameworks/Python.framework/Versions/3.11/Resources/Python.app/Contents/MacOS/Python) is not allowed to connect without a password because system('/Applications/Postgres.app/Contents/MacOS/PostgresPermissionDialog' --server-addr ::1 --server-port 3001 --client-addr ::1 --client-port 58917 --client-pid 39454) terminated with signal 6. For more information see https://postgresapp.com/l/app-permissions/
2024-07-11 12:49:52.504 MSK [39515] HINT:  You may be able to connect by editing app permission in Postgres.app settings. Please report this error to https://github.com/PostgresApp/PostgresApp/issues
2024-07-11 12:49:58.604 MSK [39518] FATAL:  Postgres.app failed to verify "trust" authentication
2024-07-11 12:49:58.604 MSK [39518] DETAIL:  auth_permission_dialog: /Applications/pgAdmin 4.app/Contents/MacOS/pgAdmin 4 (via /Applications/pgAdmin 4.app/Contents/Frameworks/Python.framework/Versions/3.11/Resources/Python.app/Contents/MacOS/Python) is not allowed to connect without a password because system('/Applications/Postgres.app/Contents/MacOS/PostgresPermissionDialog' --server-addr ::1 --server-port 3001 --client-addr ::1 --client-port 58921 --client-pid 39454) terminated with signal 6. For more information see https://postgresapp.com/l/app-permissions/
2024-07-11 12:49:58.604 MSK [39518] HINT:  You may be able to connect by editing app permission in Postgres.app settings. Please report this error to https://github.com/PostgresApp/PostgresApp/issues
2024-07-11 12:50:01.420 MSK [39520] FATAL:  Postgres.app failed to verify "trust" authentication
2024-07-11 12:50:01.420 MSK [39520] DETAIL:  auth_permission_dialog: /Applications/pgAdmin 4.app/Contents/MacOS/pgAdmin 4 (via /Applications/pgAdmin 4.app/Contents/Frameworks/Python.framework/Versions/3.11/Resources/Python.app/Contents/MacOS/Python) is not allowed to connect without a password because system('/Applications/Postgres.app/Contents/MacOS/PostgresPermissionDialog' --server-addr ::1 --server-port 3001 --client-addr ::1 --client-port 58923 --client-pid 39454) terminated with signal 6. For more information see https://postgresapp.com/l/app-permissions/
2024-07-11 12:50:01.420 MSK [39520] HINT:  You may be able to connect by editing app permission in Postgres.app settings. Please report this error to https://github.com/PostgresApp/PostgresApp/issues
2024-07-11 12:51:11.390 MSK [34480] LOG:  received smart shutdown request
2024-07-11 12:51:11.394 MSK [34480] LOG:  background worker "logical replication launcher" (PID 34486) exited with exit code 1
2024-07-11 12:51:11.394 MSK [34481] LOG:  shutting down
2024-07-11 12:51:11.396 MSK [34481] LOG:  checkpoint starting: shutdown immediate
2024-07-11 12:51:11.401 MSK [34481] LOG:  checkpoint complete: wrote 0 buffers (0.0%); 0 WAL file(s) added, 0 removed, 0 recycled; write=0.002 s, sync=0.001 s, total=0.007 s; sync files=0, longest=0.000 s, average=0.000 s; distance=0 kB, estimate=6507 kB; lsn=0/1DF6858, redo lsn=0/1DF6858
2024-07-11 12:51:11.410 MSK [34480] LOG:  database system is shut down
2024-07-11 12:51:37.895 MSK [39557] LOG:  starting PostgreSQL 16.2 (Postgres.app) on aarch64-apple-darwin21.6.0, compiled by Apple clang version 14.0.0 (clang-1400.0.29.102), 64-bit
2024-07-11 12:51:37.897 MSK [39557] LOG:  listening on IPv6 address "::1", port 3001
2024-07-11 12:51:37.897 MSK [39557] LOG:  listening on IPv4 address "127.0.0.1", port 3001
2024-07-11 12:51:37.897 MSK [39557] LOG:  listening on Unix socket "/tmp/.s.PGSQL.3001"
2024-07-11 12:51:37.901 MSK [39560] LOG:  database system was shut down at 2024-07-11 12:51:11 MSK
2024-07-11 12:51:37.903 MSK [39557] LOG:  database system is ready to accept connections
2024-07-11 12:51:49.660 MSK [39570] FATAL:  role "server_database" is not permitted to log in
2024-07-11 12:55:43.207 MSK [39664] FATAL:  database "site_database" does not exist
2024-07-11 12:56:37.887 MSK [39558] LOG:  checkpoint starting: time
2024-07-11 12:56:42.464 MSK [39558] LOG:  checkpoint complete: wrote 48 buffers (0.3%); 0 WAL file(s) added, 0 removed, 0 recycled; write=4.564 s, sync=0.007 s, total=4.577 s; sync files=48, longest=0.002 s, average=0.001 s; distance=183 kB, estimate=183 kB; lsn=0/1E245E8, redo lsn=0/1E245B0
2024-07-11 12:57:06.251 MSK [39593] ERROR:  relation "user" does not exist at character 15
2024-07-11 12:57:06.251 MSK [39593] STATEMENT:  select * from "user";
2024-07-11 12:57:10.695 MSK [39593] ERROR:  relation "user" does not exist at character 15
2024-07-11 12:57:10.695 MSK [39593] STATEMENT:  select * from "user"
2024-07-11 17:11:22.753 MSK [42960] ERROR:  column "orders" is of type integer but expression is of type integer[] at character 95
2024-07-11 17:11:22.753 MSK [42960] HINT:  You will need to rewrite or cast the expression.
2024-07-11 17:11:22.753 MSK [42960] STATEMENT:  INSERT INTO "Users" ("name","orders","role","createdAt","updatedAt") VALUES ('Sanji Vinsmoke',ARRAY[1,2],'First mate','2024-07-11 14:11:22.750 +00:00','2024-07-11 14:11:22.750 +00:00'),('Gordon James Ramsay',ARRAY[3,4],'Chief','2024-07-11 14:11:22.750 +00:00','2024-07-11 14:11:22.750 +00:00');
2024-07-11 17:11:22.756 MSK [42960] LOG:  could not receive data from client: Connection reset by peer
2024-07-11 17:11:35.415 MSK [39558] LOG:  checkpoint starting: time
2024-07-11 17:11:38.694 MSK [39558] LOG:  checkpoint complete: wrote 33 buffers (0.2%); 0 WAL file(s) added, 0 removed, 0 recycled; write=3.267 s, sync=0.004 s, total=3.279 s; sync files=28, longest=0.001 s, average=0.001 s; distance=128 kB, estimate=177 kB; lsn=0/1E44678, redo lsn=0/1E44640
2024-07-11 17:12:48.146 MSK [43011] ERROR:  column "orders" is of type integer but expression is of type integer[] at character 95
2024-07-11 17:12:48.146 MSK [43011] HINT:  You will need to rewrite or cast the expression.
2024-07-11 17:12:48.146 MSK [43011] STATEMENT:  INSERT INTO "Users" ("name","orders","role","createdAt","updatedAt") VALUES ('Sanji Vinsmoke',ARRAY[1,2],'First mate','2024-07-11 14:12:48.143 +00:00','2024-07-11 14:12:48.143 +00:00'),('Gordon James Ramsay',ARRAY[3,4],'Chief','2024-07-11 14:12:48.143 +00:00','2024-07-11 14:12:48.143 +00:00');
2024-07-11 17:12:48.149 MSK [43011] LOG:  could not receive data from client: Connection reset by peer
2024-07-11 17:14:11.681 MSK [43067] ERROR:  column "orders" is of type integer but expression is of type integer[] at character 95
2024-07-11 17:14:11.681 MSK [43067] HINT:  You will need to rewrite or cast the expression.
2024-07-11 17:14:11.681 MSK [43067] STATEMENT:  INSERT INTO "Users" ("name","orders","role","createdAt","updatedAt") VALUES ('Sanji Vinsmoke',ARRAY[1,2],'First mate','2024-07-11 14:14:11.678 +00:00','2024-07-11 14:14:11.678 +00:00'),('Gordon James Ramsay',ARRAY[3,4],'Chief','2024-07-11 14:14:11.678 +00:00','2024-07-11 14:14:11.678 +00:00');
2024-07-11 17:14:11.685 MSK [43067] LOG:  could not receive data from client: Connection reset by peer
2024-07-11 17:15:05.332 MSK [43088] ERROR:  column "orders" is of type integer but expression is of type integer[] at character 95
2024-07-11 17:15:05.332 MSK [43088] HINT:  You will need to rewrite or cast the expression.
2024-07-11 17:15:05.332 MSK [43088] STATEMENT:  INSERT INTO "Users" ("name","orders","role","createdAt","updatedAt") VALUES ('Sanji Vinsmoke',ARRAY[1,2],'First mate','2024-07-11 14:15:05.329 +00:00','2024-07-11 14:15:05.329 +00:00'),('Gordon James Ramsay',ARRAY[3,4],'Chief','2024-07-11 14:15:05.329 +00:00','2024-07-11 14:15:05.329 +00:00');
2024-07-11 17:15:05.335 MSK [43088] LOG:  could not receive data from client: Connection reset by peer
2024-07-11 17:16:39.163 MSK [43136] ERROR:  column "orders" is of type integer but expression is of type integer[] at character 95
2024-07-11 17:16:39.163 MSK [43136] HINT:  You will need to rewrite or cast the expression.
2024-07-11 17:16:39.163 MSK [43136] STATEMENT:  INSERT INTO "Users" ("name","orders","role","createdAt","updatedAt") VALUES ('Sanji Vinsmoke',ARRAY[1,2],'First mate','2024-07-11 14:16:39.160 +00:00','2024-07-11 14:16:39.160 +00:00'),('Gordon James Ramsay',ARRAY[3,4],'Chief','2024-07-11 14:16:39.160 +00:00','2024-07-11 14:16:39.160 +00:00');
2024-07-11 17:16:39.167 MSK [43136] LOG:  could not receive data from client: Connection reset by peer
2024-07-11 17:16:45.247 MSK [43150] ERROR:  column "orders" is of type integer but expression is of type integer[] at character 95
2024-07-11 17:16:45.247 MSK [43150] HINT:  You will need to rewrite or cast the expression.
2024-07-11 17:16:45.247 MSK [43150] STATEMENT:  INSERT INTO "Users" ("name","orders","role","createdAt","updatedAt") VALUES ('Sanji Vinsmoke',ARRAY[1,2],'First mate','2024-07-11 14:16:45.245 +00:00','2024-07-11 14:16:45.245 +00:00'),('Gordon James Ramsay',ARRAY[3,4],'Chief','2024-07-11 14:16:45.245 +00:00','2024-07-11 14:16:45.245 +00:00');
2024-07-11 17:16:45.251 MSK [43150] LOG:  could not receive data from client: Connection reset by peer
2024-07-12 11:21:28.409 MSK [53192] ERROR:  column "orders" is of type integer but expression is of type integer[] at character 95
2024-07-12 11:21:28.409 MSK [53192] HINT:  You will need to rewrite or cast the expression.
2024-07-12 11:21:28.409 MSK [53192] STATEMENT:  INSERT INTO "Users" ("name","orders","role","createdAt","updatedAt") VALUES ('Sanji Vinsmoke',ARRAY[1,2],'First mate','2024-07-12 08:21:28.406 +00:00','2024-07-12 08:21:28.406 +00:00'),('Gordon James Ramsay',ARRAY[3],'Chief','2024-07-12 08:21:28.406 +00:00','2024-07-12 08:21:28.406 +00:00');
2024-07-12 11:21:28.413 MSK [53192] LOG:  could not receive data from client: Connection reset by peer
2024-07-12 11:24:44.547 MSK [53253] ERROR:  column "orders" is of type integer but expression is of type integer[] at character 95
2024-07-12 11:24:44.547 MSK [53253] HINT:  You will need to rewrite or cast the expression.
2024-07-12 11:24:44.547 MSK [53253] STATEMENT:  INSERT INTO "Users" ("name","orders","role","createdAt","updatedAt") VALUES ('Sanji Vinsmoke',ARRAY[1,2],'First mate','2024-07-12 08:24:44.545 +00:00','2024-07-12 08:24:44.545 +00:00'),('Gordon James Ramsay',ARRAY[3,4],'Chief','2024-07-12 08:24:44.545 +00:00','2024-07-12 08:24:44.545 +00:00');
2024-07-12 11:24:44.551 MSK [53253] LOG:  could not receive data from client: Connection reset by peer
2024-07-12 11:30:37.782 MSK [39558] LOG:  checkpoint starting: time
2024-07-12 11:30:42.077 MSK [39558] LOG:  checkpoint complete: wrote 43 buffers (0.3%); 0 WAL file(s) added, 0 removed, 0 recycled; write=4.280 s, sync=0.005 s, total=4.295 s; sync files=36, longest=0.001 s, average=0.001 s; distance=170 kB, estimate=177 kB; lsn=0/1E6F010, redo lsn=0/1E6EFD8
2024-07-12 11:32:03.212 MSK [53374] ERROR:  relation "sequelizemeta" does not exist at character 15
2024-07-12 11:32:03.212 MSK [53374] STATEMENT:  select * from SequelizeMeta
	
2024-07-12 12:13:19.388 MSK [39558] LOG:  checkpoint starting: time
2024-07-12 12:13:19.902 MSK [39558] LOG:  checkpoint complete: wrote 6 buffers (0.0%); 0 WAL file(s) added, 0 removed, 0 recycled; write=0.510 s, sync=0.001 s, total=0.515 s; sync files=6, longest=0.001 s, average=0.001 s; distance=0 kB, estimate=159 kB; lsn=0/1E6F338, redo lsn=0/1E6F300
2024-07-12 12:23:19.876 MSK [39558] LOG:  checkpoint starting: time
2024-07-12 12:23:20.185 MSK [39558] LOG:  checkpoint complete: wrote 4 buffers (0.0%); 0 WAL file(s) added, 0 removed, 0 recycled; write=0.305 s, sync=0.001 s, total=0.309 s; sync files=4, longest=0.001 s, average=0.001 s; distance=1 kB, estimate=143 kB; lsn=0/1E6F7E8, redo lsn=0/1E6F7B0
2024-07-12 12:24:27.483 MSK [54263] ERROR:  relation "Users" does not exist at character 13
2024-07-12 12:24:27.483 MSK [54263] STATEMENT:  INSERT INTO "Users" ("name","orders","role","createdAt","updatedAt") VALUES ('Sanji Vinsmoke',ARRAY[1,2],'First mate','2024-07-12 09:24:27.481 +00:00','2024-07-12 09:24:27.481 +00:00'),('Gordon James Ramsay',ARRAY[3,4],'Chief','2024-07-12 09:24:27.481 +00:00','2024-07-12 09:24:27.481 +00:00');
2024-07-12 12:24:27.487 MSK [54263] LOG:  could not receive data from client: Connection reset by peer
2024-07-12 12:25:36.526 MSK [54285] ERROR:  column "createdAt" of relation "User" does not exist at character 44
2024-07-12 12:25:36.526 MSK [54285] STATEMENT:  INSERT INTO "User" ("name","orders","role","createdAt","updatedAt") VALUES ('Sanji Vinsmoke',ARRAY[1,2],'First mate','2024-07-12 09:25:36.523 +00:00','2024-07-12 09:25:36.523 +00:00'),('Gordon James Ramsay',ARRAY[3,4],'Chief','2024-07-12 09:25:36.523 +00:00','2024-07-12 09:25:36.523 +00:00');
2024-07-12 12:25:36.529 MSK [54285] LOG:  could not receive data from client: Connection reset by peer
2024-07-12 12:27:18.400 MSK [54344] ERROR:  relation "Users" does not exist at character 13
2024-07-12 12:27:18.400 MSK [54344] STATEMENT:  INSERT INTO "Users" ("name","orders","role","createdAt","updatedAt") VALUES ('Sanji Vinsmoke',ARRAY[1,2],'First mate','2024-07-12 09:27:18.398 +00:00','2024-07-12 09:27:18.398 +00:00'),('Gordon James Ramsay',ARRAY[3,4],'Chief','2024-07-12 09:27:18.398 +00:00','2024-07-12 09:27:18.398 +00:00');
2024-07-12 12:27:18.404 MSK [54344] LOG:  could not receive data from client: Connection reset by peer
2024-07-12 12:28:19.159 MSK [39558] LOG:  checkpoint starting: time
2024-07-12 12:28:21.203 MSK [39558] LOG:  checkpoint complete: wrote 21 buffers (0.1%); 0 WAL file(s) added, 0 removed, 0 recycled; write=2.038 s, sync=0.002 s, total=2.045 s; sync files=18, longest=0.001 s, average=0.001 s; distance=66 kB, estimate=135 kB; lsn=0/1E802E0, redo lsn=0/1E802A8
2024-07-12 12:33:19.190 MSK [39558] LOG:  checkpoint starting: time
2024-07-12 12:33:25.114 MSK [39558] LOG:  checkpoint complete: wrote 59 buffers (0.4%); 0 WAL file(s) added, 0 removed, 0 recycled; write=5.913 s, sync=0.006 s, total=5.925 s; sync files=49, longest=0.001 s, average=0.001 s; distance=238 kB, estimate=238 kB; lsn=0/1EBBDB0, redo lsn=0/1EBBD78
2024-07-12 12:34:21.015 MSK [54475] ERROR:  cannot drop table "MenuItems" because other objects depend on it
2024-07-12 12:34:21.015 MSK [54475] DETAIL:  constraint Orders_itemId_fkey on table "Orders" depends on table "MenuItems"
2024-07-12 12:34:21.015 MSK [54475] HINT:  Use DROP ... CASCADE to drop the dependent objects too.
2024-07-12 12:34:21.015 MSK [54475] STATEMENT:  DROP TABLE IF EXISTS "MenuItems";
2024-07-12 12:34:21.018 MSK [54475] LOG:  could not receive data from client: Connection reset by peer
2024-07-12 12:34:35.379 MSK [54500] ERROR:  relation "Users" does not exist at character 13
2024-07-12 12:34:35.379 MSK [54500] STATEMENT:  INSERT INTO "Users" ("name","orders","role","createdAt","updatedAt") VALUES ('Sanji Vinsmoke',ARRAY[1,2],'First mate','2024-07-12 09:34:35.377 +00:00','2024-07-12 09:34:35.377 +00:00'),('Gordon James Ramsay',ARRAY[3,4],'Chief','2024-07-12 09:34:35.377 +00:00','2024-07-12 09:34:35.377 +00:00');
2024-07-12 12:34:35.382 MSK [54500] LOG:  could not receive data from client: Connection reset by peer
2024-07-12 12:35:14.270 MSK [54530] ERROR:  cannot drop table "MenuItems" because other objects depend on it
2024-07-12 12:35:14.270 MSK [54530] DETAIL:  constraint Orders_itemId_fkey on table "Orders" depends on table "MenuItems"
2024-07-12 12:35:14.270 MSK [54530] HINT:  Use DROP ... CASCADE to drop the dependent objects too.
2024-07-12 12:35:14.270 MSK [54530] STATEMENT:  DROP TABLE IF EXISTS "MenuItems";
2024-07-12 12:35:14.273 MSK [54530] LOG:  could not receive data from client: Connection reset by peer
2024-07-12 12:36:08.260 MSK [53374] ERROR:  syntax error at or near "all" at character 15
2024-07-12 12:36:08.260 MSK [53374] STATEMENT:  select * from all
	
2024-07-12 12:36:14.683 MSK [53374] ERROR:  syntax error at end of input at character 16
2024-07-12 12:36:14.683 MSK [53374] STATEMENT:  select * from 
	
2024-07-12 12:36:19.693 MSK [53374] ERROR:  SELECT * with no tables specified is not valid at character 8
2024-07-12 12:36:19.693 MSK [53374] STATEMENT:  select *
	
2024-07-12 12:37:10.334 MSK [53374] ERROR:  syntax error at or near "'Order'" at character 26
2024-07-12 12:37:10.334 MSK [53374] STATEMENT:  select * from Menuitems, 'Order', Orders, 'User', Users, menuitem
	
2024-07-12 12:37:24.791 MSK [53374] ERROR:  relation "menuitems" does not exist at character 15
2024-07-12 12:37:24.791 MSK [53374] STATEMENT:  select * from Menuitems, "Order", Orders, "User", Users, menuitem
	
2024-07-12 12:37:39.642 MSK [53374] ERROR:  relation "Menuitems" does not exist at character 15
2024-07-12 12:37:39.642 MSK [53374] STATEMENT:  select * from "Menuitems", "Order", Orders, "User", Users, menuitem
	
2024-07-12 12:37:52.566 MSK [53374] ERROR:  relation "menultems" does not exist at character 15
2024-07-12 12:37:52.566 MSK [53374] STATEMENT:  select * from Menultems, "Order", Orders, "User", Users, menuitem
	
2024-07-12 12:37:58.408 MSK [53374] ERROR:  relation "orders" does not exist at character 24
2024-07-12 12:37:58.408 MSK [53374] STATEMENT:  select * from "Order", Orders, "User", Users, menuitem
	
2024-07-12 12:38:10.984 MSK [53374] ERROR:  relation "users" does not exist at character 42
2024-07-12 12:38:10.984 MSK [53374] STATEMENT:  select * from "Order", "Orders", "User", Users, menuitem
	
2024-07-12 12:38:19.101 MSK [39558] LOG:  checkpoint starting: time
2024-07-12 12:38:24.400 MSK [39558] LOG:  checkpoint complete: wrote 53 buffers (0.3%); 0 WAL file(s) added, 0 removed, 0 recycled; write=5.289 s, sync=0.006 s, total=5.299 s; sync files=40, longest=0.001 s, average=0.001 s; distance=211 kB, estimate=235 kB; lsn=0/1EF0B60, redo lsn=0/1EF0B28
2024-07-12 12:38:46.295 MSK [54605] ERROR:  cannot drop table "MenuItems" because other objects depend on it
2024-07-12 12:38:46.295 MSK [54605] DETAIL:  constraint Orders_itemId_fkey on table "Orders" depends on table "MenuItems"
2024-07-12 12:38:46.295 MSK [54605] HINT:  Use DROP ... CASCADE to drop the dependent objects too.
2024-07-12 12:38:46.295 MSK [54605] STATEMENT:  DROP TABLE IF EXISTS "MenuItems";
2024-07-12 12:38:46.299 MSK [54605] LOG:  could not receive data from client: Connection reset by peer
2024-07-12 12:43:19.387 MSK [39558] LOG:  checkpoint starting: time
2024-07-12 12:43:20.929 MSK [39558] LOG:  checkpoint complete: wrote 16 buffers (0.1%); 0 WAL file(s) added, 0 removed, 0 recycled; write=1.531 s, sync=0.003 s, total=1.543 s; sync files=13, longest=0.001 s, average=0.001 s; distance=72 kB, estimate=219 kB; lsn=0/1F02C18, redo lsn=0/1F02BE0
2024-07-12 12:44:31.197 MSK [54732] ERROR:  relation "Users" does not exist at character 13
2024-07-12 12:44:31.197 MSK [54732] STATEMENT:  INSERT INTO "Users" ("name","orders","role","createdAt","updatedAt") VALUES ('Sanji Vinsmoke',ARRAY[1,2],'First mate','2024-07-12 09:44:31.194 +00:00','2024-07-12 09:44:31.194 +00:00'),('Gordon James Ramsay',ARRAY[3,4],'Chief','2024-07-12 09:44:31.194 +00:00','2024-07-12 09:44:31.194 +00:00');
2024-07-12 12:44:31.200 MSK [54732] LOG:  could not receive data from client: Connection reset by peer
2024-07-12 12:46:02.840 MSK [54763] ERROR:  relation "Users" does not exist at character 13
2024-07-12 12:46:02.840 MSK [54763] STATEMENT:  INSERT INTO "Users" ("name","orders","role","createdAt","updatedAt") VALUES ('Sanji Vinsmoke',ARRAY[1,2],'First mate','2024-07-12 09:46:02.838 +00:00','2024-07-12 09:46:02.838 +00:00'),('Gordon James Ramsay',ARRAY[3,4],'Chief','2024-07-12 09:46:02.838 +00:00','2024-07-12 09:46:02.838 +00:00');
2024-07-12 12:46:02.844 MSK [54763] LOG:  could not receive data from client: Connection reset by peer
2024-07-12 12:46:25.074 MSK [54793] ERROR:  column "createdAt" of relation "User" does not exist at character 44
2024-07-12 12:46:25.074 MSK [54793] STATEMENT:  INSERT INTO "User" ("name","orders","role","createdAt","updatedAt") VALUES ('Sanji Vinsmoke',ARRAY[1,2],'First mate','2024-07-12 09:46:25.071 +00:00','2024-07-12 09:46:25.071 +00:00'),('Gordon James Ramsay',ARRAY[3,4],'Chief','2024-07-12 09:46:25.071 +00:00','2024-07-12 09:46:25.071 +00:00');
2024-07-12 12:46:25.077 MSK [54793] LOG:  could not receive data from client: Connection reset by peer
2024-07-12 12:47:06.954 MSK [54876] ERROR:  cannot drop table "MenuItems" because other objects depend on it
2024-07-12 12:47:06.954 MSK [54876] DETAIL:  constraint Orders_itemId_fkey on table "Orders" depends on table "MenuItems"
2024-07-12 12:47:06.954 MSK [54876] HINT:  Use DROP ... CASCADE to drop the dependent objects too.
2024-07-12 12:47:06.954 MSK [54876] STATEMENT:  DROP TABLE IF EXISTS "MenuItems";
2024-07-12 12:47:06.958 MSK [54876] LOG:  could not receive data from client: Connection reset by peer
2024-07-12 12:48:19.938 MSK [39558] LOG:  checkpoint starting: time
2024-07-12 12:48:20.663 MSK [39558] LOG:  checkpoint complete: wrote 8 buffers (0.0%); 0 WAL file(s) added, 0 removed, 0 recycled; write=0.718 s, sync=0.002 s, total=0.726 s; sync files=8, longest=0.001 s, average=0.001 s; distance=0 kB, estimate=197 kB; lsn=0/1F02E50, redo lsn=0/1F02E18
2024-07-12 12:52:03.379 MSK [53374] ERROR:  relation "sequelizemeta" does not exist at character 47
2024-07-12 12:52:03.379 MSK [53374] STATEMENT:  -- DROP TABLE "SequelizeMeta";
	
	select * from SequelizeMeta
2024-07-12 12:52:03.672 MSK [53374] ERROR:  relation "sequelizemeta" does not exist at character 47
2024-07-12 12:52:03.672 MSK [53374] STATEMENT:  -- DROP TABLE "SequelizeMeta";
	
	select * from SequelizeMeta
2024-07-12 12:52:08.231 MSK [53374] ERROR:  relation "sequelizemeta" does not exist at character 47
2024-07-12 12:52:08.231 MSK [53374] STATEMENT:  -- DROP TABLE "SequelizeMeta";
	
	select * from SequelizeMeta;
2024-07-12 12:52:09.099 MSK [53374] ERROR:  relation "sequelizemeta" does not exist at character 47
2024-07-12 12:52:09.099 MSK [53374] STATEMENT:  -- DROP TABLE "SequelizeMeta";
	
	select * from SequelizeMeta;
2024-07-12 12:52:17.011 MSK [53374] ERROR:  relation "SequelizeMeta" does not exist at character 47
2024-07-12 12:52:17.011 MSK [53374] STATEMENT:  -- DROP TABLE "SequelizeMeta";
	
	select * from "SequelizeMeta";
2024-07-12 12:52:17.797 MSK [53374] ERROR:  relation "SequelizeMeta" does not exist at character 47
2024-07-12 12:52:17.797 MSK [53374] STATEMENT:  -- DROP TABLE "SequelizeMeta";
	
	select * from "SequelizeMeta";
2024-07-12 12:52:18.072 MSK [53374] ERROR:  relation "SequelizeMeta" does not exist at character 47
2024-07-12 12:52:18.072 MSK [53374] STATEMENT:  -- DROP TABLE "SequelizeMeta";
	
	select * from "SequelizeMeta";
2024-07-12 12:53:19.651 MSK [39558] LOG:  checkpoint starting: time
2024-07-12 12:53:20.573 MSK [39558] LOG:  checkpoint complete: wrote 10 buffers (0.1%); 0 WAL file(s) added, 0 removed, 0 recycled; write=0.918 s, sync=0.001 s, total=0.923 s; sync files=10, longest=0.001 s, average=0.001 s; distance=43 kB, estimate=182 kB; lsn=0/1F0DD28, redo lsn=0/1F0DCF0
2024-07-12 12:58:19.561 MSK [39558] LOG:  checkpoint starting: time
2024-07-12 12:58:25.066 MSK [39558] LOG:  checkpoint complete: wrote 55 buffers (0.3%); 0 WAL file(s) added, 0 removed, 0 recycled; write=5.497 s, sync=0.003 s, total=5.505 s; sync files=39, longest=0.001 s, average=0.001 s; distance=277 kB, estimate=277 kB; lsn=0/1F53360, redo lsn=0/1F53328
2024-07-12 13:00:36.298 MSK [55336] ERROR:  column "items" of relation "Orders" does not exist at character 34
2024-07-12 13:00:36.298 MSK [55336] STATEMENT:  INSERT INTO "Orders" ("isActive","items","userId","createdAt","updatedAt") VALUES (true,ARRAY[1,2,3],1,'2024-07-12 10:00:36.297 +00:00','2024-07-12 10:00:36.297 +00:00'),(true,ARRAY[4,5],2,'2024-07-12 10:00:36.297 +00:00','2024-07-12 10:00:36.297 +00:00');
2024-07-12 13:03:19.054 MSK [39558] LOG:  checkpoint starting: time
2024-07-12 13:03:19.880 MSK [39558] LOG:  checkpoint complete: wrote 9 buffers (0.1%); 0 WAL file(s) added, 0 removed, 0 recycled; write=0.818 s, sync=0.002 s, total=0.826 s; sync files=8, longest=0.001 s, average=0.001 s; distance=0 kB, estimate=249 kB; lsn=0/1F53738, redo lsn=0/1F53700
2024-07-12 13:04:15.778 MSK [55418] ERROR:  column "items" of relation "Orders" does not exist at character 34
2024-07-12 13:04:15.778 MSK [55418] STATEMENT:  INSERT INTO "Orders" ("isActive","items","userId","createdAt","updatedAt") VALUES (true,ARRAY[1,2,3],1,'2024-07-12 10:04:15.777 +00:00','2024-07-12 10:04:15.777 +00:00'),(true,ARRAY[4,5],2,'2024-07-12 10:04:15.777 +00:00','2024-07-12 10:04:15.777 +00:00');
2024-07-12 13:04:15.781 MSK [55418] LOG:  could not receive data from client: Connection reset by peer
2024-07-12 13:04:46.234 MSK [55465] ERROR:  column "userId" of relation "Orders" does not exist at character 43
2024-07-12 13:04:46.234 MSK [55465] STATEMENT:  INSERT INTO "Orders" ("isActive","itemId","userId","createdAt","updatedAt","items") VALUES (true,ARRAY[1,2,3],1,'2024-07-12 10:04:46.233 +00:00','2024-07-12 10:04:46.233 +00:00',NULL),(true,NULL,2,'2024-07-12 10:04:46.233 +00:00','2024-07-12 10:04:46.233 +00:00',ARRAY[4,5]);
2024-07-12 13:04:46.238 MSK [55465] LOG:  could not receive data from client: Connection reset by peer
2024-07-12 13:05:39.671 MSK [55510] ERROR:  column "userId" of relation "Orders" does not exist at character 43
2024-07-12 13:05:39.671 MSK [55510] STATEMENT:  INSERT INTO "Orders" ("isActive","itemId","userId","createdAt","updatedAt","itemid") VALUES (true,ARRAY[1,2,3],1,'2024-07-12 10:05:39.670 +00:00','2024-07-12 10:05:39.670 +00:00',NULL),(true,NULL,2,'2024-07-12 10:05:39.670 +00:00','2024-07-12 10:05:39.670 +00:00',ARRAY[4,5]);
2024-07-12 13:05:39.674 MSK [55510] LOG:  could not receive data from client: Connection reset by peer
2024-07-12 13:06:38.232 MSK [55548] ERROR:  column "userId" of relation "Orders" does not exist at character 43
2024-07-12 13:06:38.232 MSK [55548] STATEMENT:  INSERT INTO "Orders" ("isActive","itemId","userId","createdAt","updatedAt","itemid") VALUES (true,ARRAY[1,2,3],1,'2024-07-12 10:06:38.232 +00:00','2024-07-12 10:06:38.232 +00:00',NULL),(true,NULL,2,'2024-07-12 10:06:38.232 +00:00','2024-07-12 10:06:38.232 +00:00',ARRAY[4,5]);
2024-07-12 13:08:19.870 MSK [39558] LOG:  checkpoint starting: time
2024-07-12 13:08:20.186 MSK [39558] LOG:  checkpoint complete: wrote 4 buffers (0.0%); 0 WAL file(s) added, 0 removed, 0 recycled; write=0.308 s, sync=0.002 s, total=0.317 s; sync files=4, longest=0.001 s, average=0.001 s; distance=2 kB, estimate=225 kB; lsn=0/1F541D0, redo lsn=0/1F54198
2024-07-12 13:10:28.574 MSK [55604] ERROR:  column "userId" of relation "Orders" does not exist at character 43
2024-07-12 13:10:28.574 MSK [55604] STATEMENT:  INSERT INTO "Orders" ("isActive","itemId","userId","createdAt","updatedAt","itemid") VALUES (true,ARRAY[1,2,3],1,'2024-07-12 10:10:28.574 +00:00','2024-07-12 10:10:28.574 +00:00',NULL),(true,NULL,2,'2024-07-12 10:10:28.574 +00:00','2024-07-12 10:10:28.574 +00:00',ARRAY[4,5]);
2024-07-12 13:13:50.327 MSK [39558] LOG:  checkpoint starting: time
2024-07-12 13:13:50.641 MSK [39558] LOG:  checkpoint complete: wrote 4 buffers (0.0%); 0 WAL file(s) added, 0 removed, 0 recycled; write=0.307 s, sync=0.001 s, total=0.315 s; sync files=4, longest=0.001 s, average=0.001 s; distance=2 kB, estimate=202 kB; lsn=0/1F54C70, redo lsn=0/1F54C38
2024-07-12 14:41:43.607 MSK [39558] LOG:  checkpoint starting: time
2024-07-12 14:41:43.717 MSK [39558] LOG:  checkpoint complete: wrote 1 buffers (0.0%); 0 WAL file(s) added, 0 removed, 0 recycled; write=0.104 s, sync=0.001 s, total=0.110 s; sync files=1, longest=0.001 s, average=0.001 s; distance=4 kB, estimate=183 kB; lsn=0/1F55C78, redo lsn=0/1F55C40
2024-07-12 14:47:12.847 MSK [56086] ERROR:  relation "sequelizemeta" does not exist at character 47
2024-07-12 14:47:12.847 MSK [56086] STATEMENT:  -- DROP TABLE "SequelizeMeta";
	
	select * from SequelizeMeta
	
2024-07-12 14:47:46.111 MSK [56086] ERROR:  relation "SequelizeMeta" does not exist at character 47
2024-07-12 14:47:46.111 MSK [56086] STATEMENT:  -- DROP TABLE "SequelizeMeta";
	
	select * from "SequelizeMeta"
	
2024-07-12 14:50:14.856 MSK [39558] LOG:  checkpoint starting: time
2024-07-12 14:50:16.291 MSK [39558] LOG:  checkpoint complete: wrote 15 buffers (0.1%); 0 WAL file(s) added, 0 removed, 0 recycled; write=1.428 s, sync=0.002 s, total=1.435 s; sync files=10, longest=0.001 s, average=0.001 s; distance=55 kB, estimate=170 kB; lsn=0/1F639B8, redo lsn=0/1F63980
2024-07-12 14:53:18.809 MSK [56086] ERROR:  relation "users" does not exist at character 79
2024-07-12 14:53:18.809 MSK [56086] STATEMENT:  -- DROP TABLE "SequelizeMeta";
	
	--select * from "SequelizeMeta"
	select * from Users
2024-07-12 14:55:14.285 MSK [39558] LOG:  checkpoint starting: time
2024-07-12 14:55:17.653 MSK [39558] LOG:  checkpoint complete: wrote 34 buffers (0.2%); 0 WAL file(s) added, 0 removed, 0 recycled; write=3.360 s, sync=0.004 s, total=3.369 s; sync files=30, longest=0.001 s, average=0.001 s; distance=139 kB, estimate=167 kB; lsn=0/1F86690, redo lsn=0/1F86658
2024-07-12 15:00:14.646 MSK [39558] LOG:  checkpoint starting: time
2024-07-12 15:00:15.570 MSK [39558] LOG:  checkpoint complete: wrote 10 buffers (0.1%); 0 WAL file(s) added, 0 removed, 0 recycled; write=0.918 s, sync=0.002 s, total=0.925 s; sync files=9, longest=0.001 s, average=0.001 s; distance=3 kB, estimate=150 kB; lsn=0/1F87410, redo lsn=0/1F873D8
2024-07-12 15:05:14.562 MSK [39558] LOG:  checkpoint starting: time
2024-07-12 15:05:14.872 MSK [39558] LOG:  checkpoint complete: wrote 4 buffers (0.0%); 0 WAL file(s) added, 0 removed, 0 recycled; write=0.305 s, sync=0.001 s, total=0.310 s; sync files=4, longest=0.001 s, average=0.001 s; distance=3 kB, estimate=136 kB; lsn=0/1F88090, redo lsn=0/1F88058
2024-07-12 15:09:41.047 MSK [56577] ERROR:  column "items" of relation "Orders" does not exist at character 34
2024-07-12 15:09:41.047 MSK [56577] STATEMENT:  INSERT INTO "Orders" ("isActive","items","userId","createdAt","updatedAt") VALUES (true,ARRAY[1,2,3],1,'2024-07-12 12:09:41.047 +00:00','2024-07-12 12:09:41.047 +00:00'),(true,ARRAY[4,5],2,'2024-07-12 12:09:41.047 +00:00','2024-07-12 12:09:41.047 +00:00');
2024-07-12 15:10:14.837 MSK [39558] LOG:  checkpoint starting: time
2024-07-12 15:10:15.150 MSK [39558] LOG:  checkpoint complete: wrote 4 buffers (0.0%); 0 WAL file(s) added, 0 removed, 0 recycled; write=0.306 s, sync=0.002 s, total=0.313 s; sync files=4, longest=0.001 s, average=0.001 s; distance=3 kB, estimate=122 kB; lsn=0/1F88DE0, redo lsn=0/1F88DA8
2024-07-12 15:10:39.088 MSK [56621] ERROR:  column "userId" of relation "Orders" does not exist at character 34
2024-07-12 15:10:39.088 MSK [56621] STATEMENT:  INSERT INTO "Orders" ("isActive","userId","createdAt","updatedAt") VALUES (true,1,'2024-07-12 12:10:39.087 +00:00','2024-07-12 12:10:39.087 +00:00'),(true,2,'2024-07-12 12:10:39.087 +00:00','2024-07-12 12:10:39.087 +00:00');
2024-07-12 15:10:50.622 MSK [56651] ERROR:  null value in column "itemId" of relation "Orders" violates not-null constraint
2024-07-12 15:10:50.622 MSK [56651] DETAIL:  Failing row contains (1, t, null, 2024-07-12 12:10:50.622+00, 2024-07-12 12:10:50.622+00).
2024-07-12 15:10:50.622 MSK [56651] STATEMENT:  INSERT INTO "Orders" ("isActive","createdAt","updatedAt") VALUES (true,'2024-07-12 12:10:50.622 +00:00','2024-07-12 12:10:50.622 +00:00'),(true,'2024-07-12 12:10:50.622 +00:00','2024-07-12 12:10:50.622 +00:00');
2024-07-12 15:10:50.626 MSK [56651] LOG:  could not receive data from client: Connection reset by peer
2024-07-12 15:13:02.591 MSK [56756] ERROR:  null value in column "itemId" of relation "Orders" violates not-null constraint
2024-07-12 15:13:02.591 MSK [56756] DETAIL:  Failing row contains (2, t, null, 2024-07-12 12:13:02.591+00, 2024-07-12 12:13:02.591+00).
2024-07-12 15:13:02.591 MSK [56756] STATEMENT:  INSERT INTO "Orders" ("isActive","itemId","createdAt","updatedAt") VALUES (true,NULL,'2024-07-12 12:13:02.591 +00:00','2024-07-12 12:13:02.591 +00:00'),(false,NULL,'2024-07-12 12:13:02.591 +00:00','2024-07-12 12:13:02.591 +00:00');
2024-07-12 15:13:02.595 MSK [56756] LOG:  could not receive data from client: Connection reset by peer
2024-07-12 15:15:14.140 MSK [39558] LOG:  checkpoint starting: time
2024-07-12 15:15:14.550 MSK [39558] LOG:  checkpoint complete: wrote 5 buffers (0.0%); 0 WAL file(s) added, 0 removed, 0 recycled; write=0.406 s, sync=0.001 s, total=0.411 s; sync files=5, longest=0.001 s, average=0.001 s; distance=6 kB, estimate=111 kB; lsn=0/1F8A5F8, redo lsn=0/1F8A5C0
2024-07-12 15:20:14.541 MSK [39558] LOG:  checkpoint starting: time
2024-07-12 15:20:15.467 MSK [39558] LOG:  checkpoint complete: wrote 10 buffers (0.1%); 0 WAL file(s) added, 0 removed, 0 recycled; write=0.919 s, sync=0.002 s, total=0.927 s; sync files=9, longest=0.001 s, average=0.001 s; distance=6 kB, estimate=100 kB; lsn=0/1F8BF60, redo lsn=0/1F8BF28
2024-07-12 15:25:14.458 MSK [39558] LOG:  checkpoint starting: time
2024-07-12 15:25:15.484 MSK [39558] LOG:  checkpoint complete: wrote 11 buffers (0.1%); 0 WAL file(s) added, 0 removed, 0 recycled; write=1.018 s, sync=0.002 s, total=1.027 s; sync files=10, longest=0.001 s, average=0.001 s; distance=6 kB, estimate=91 kB; lsn=0/1F8DB50, redo lsn=0/1F8DB18
2024-07-16 16:51:17.628 MSK [71368] ERROR:  relation "Menu" does not exist at character 79
2024-07-16 16:51:17.628 MSK [71368] STATEMENT:  -- DROP TABLE "SequelizeMeta";
	
	--select * from "SequelizeMeta"
	select * from "Menu"
2024-07-16 16:51:34.604 MSK [71368] ERROR:  relation "Menuitems" does not exist at character 79
2024-07-16 16:51:34.604 MSK [71368] STATEMENT:  -- DROP TABLE "SequelizeMeta";
	
	--select * from "SequelizeMeta"
	select * from "Menuitems"
2024-07-16 16:51:44.385 MSK [71368] ERROR:  relation "menuitems" does not exist at character 79
2024-07-16 16:51:44.385 MSK [71368] STATEMENT:  -- DROP TABLE "SequelizeMeta";
	
	--select * from "SequelizeMeta"
	select * from Menuitems
2024-07-16 16:51:45.291 MSK [71368] ERROR:  relation "menuitems" does not exist at character 79
2024-07-16 16:51:45.291 MSK [71368] STATEMENT:  -- DROP TABLE "SequelizeMeta";
	
	--select * from "SequelizeMeta"
	select * from Menuitems
2024-07-16 16:52:05.739 MSK [71368] ERROR:  relation "menuitems" does not exist at character 79
2024-07-16 16:52:05.739 MSK [71368] STATEMENT:  -- DROP TABLE "SequelizeMeta";
	
	--select * from "SequelizeMeta"
	select * from menuitems
2024-07-16 16:52:15.806 MSK [71368] ERROR:  relation "menuitems" does not exist at character 79
2024-07-16 16:52:15.806 MSK [71368] STATEMENT:  -- DROP TABLE "SequelizeMeta";
	
	--select * from "SequelizeMeta"
	select * from "menuitems"
2024-07-16 16:52:27.092 MSK [71368] ERROR:  relation "menuitems" does not exist at character 79
2024-07-16 16:52:27.092 MSK [71368] STATEMENT:  -- DROP TABLE "SequelizeMeta";
	
	--select * from "SequelizeMeta"
	select * from menuitems
2024-07-31 18:33:56.003 MSK [61824] ERROR:  relation "users" does not exist at character 15
2024-07-31 18:33:56.003 MSK [61824] STATEMENT:  select * from Users
2024-07-31 18:34:09.579 MSK [61824] ERROR:  syntax error at or near "'user'" at character 15
2024-07-31 18:34:09.579 MSK [61824] STATEMENT:  select * from 'user'
2024-07-31 18:41:53.053 MSK [61824] ERROR:  relation "users" does not exist at character 15
2024-07-31 18:41:53.053 MSK [61824] STATEMENT:  select * from "users"
2024-07-31 18:41:58.534 MSK [61824] ERROR:  relation "user" does not exist at character 15
2024-07-31 18:41:58.534 MSK [61824] STATEMENT:  select * from "user"
2024-08-01 16:20:30.899 MSK [73452] ERROR:  relation "users" does not exist at character 15
2024-08-01 16:20:30.899 MSK [73452] STATEMENT:  select * from Users
2024-08-01 16:20:35.925 MSK [73452] ERROR:  syntax error at or near "'Users'" at character 15
2024-08-01 16:20:35.925 MSK [73452] STATEMENT:  select * from 'Users'
2024-08-02 19:42:05.838 MSK [86748] ERROR:  column "userId" of relation "Orders" does not exist at character 34
2024-08-02 19:42:05.838 MSK [86748] STATEMENT:  INSERT INTO "Orders" ("isActive","userId","createdAt","updatedAt") VALUES (true,1,'2024-08-02 16:42:05.837 +00:00','2024-08-02 16:42:05.837 +00:00'),(false,2,'2024-08-02 16:42:05.837 +00:00','2024-08-02 16:42:05.837 +00:00'),(true,3,'2024-08-02 16:42:05.837 +00:00','2024-08-02 16:42:05.837 +00:00'),(true,4,'2024-08-02 16:42:05.837 +00:00','2024-08-02 16:42:05.837 +00:00');
2024-08-02 19:42:05.841 MSK [86748] LOG:  could not receive data from client: Connection reset by peer
2024-08-02 19:42:50.817 MSK [86846] ERROR:  column "userId" of relation "Orders" does not exist at character 34
2024-08-02 19:42:50.817 MSK [86846] STATEMENT:  INSERT INTO "Orders" ("isActive","userId","createdAt","updatedAt") VALUES (true,1,'2024-08-02 16:42:50.816 +00:00','2024-08-02 16:42:50.816 +00:00'),(false,2,'2024-08-02 16:42:50.816 +00:00','2024-08-02 16:42:50.816 +00:00'),(true,3,'2024-08-02 16:42:50.816 +00:00','2024-08-02 16:42:50.816 +00:00'),(true,4,'2024-08-02 16:42:50.816 +00:00','2024-08-02 16:42:50.816 +00:00');
2024-08-02 19:43:47.691 MSK [39558] LOG:  checkpoint starting: time
2024-08-02 19:43:48.929 MSK [39558] PANIC:  could not open file "/Users/annapirz/Desktop/school_prod/js/Front_bootcamp_day05-1/src/database/global/pg_control": No such file or directory
2024-08-02 19:43:48.931 MSK [39557] LOG:  checkpointer process (PID 39558) was terminated by signal 6: Abort trap: 6
2024-08-02 19:43:48.931 MSK [39557] LOG:  terminating any other active server processes
2024-08-02 19:43:48.979 MSK [39557] LOG:  all server processes terminated; reinitializing
2024-08-02 19:43:48.984 MSK [39557] FATAL:  could not stat data directory "/Users/annapirz/Desktop/school_prod/js/Front_bootcamp_day05-1/src/database": No such file or directory
2024-08-02 19:43:48.986 MSK [39557] LOG:  database system is shut down
2024-08-02 19:57:05.904 MSK [87743] LOG:  starting PostgreSQL 16.2 (Postgres.app) on aarch64-apple-darwin21.6.0, compiled by Apple clang version 14.0.0 (clang-1400.0.29.102), 64-bit
2024-08-02 19:57:05.906 MSK [87743] LOG:  listening on IPv6 address "::1", port 3001
2024-08-02 19:57:05.906 MSK [87743] LOG:  listening on IPv4 address "127.0.0.1", port 3001
2024-08-02 19:57:05.906 MSK [87743] LOG:  listening on Unix socket "/tmp/.s.PGSQL.3001"
2024-08-02 19:57:05.912 MSK [87746] LOG:  database system was interrupted; last known up at 2024-07-12 15:25:15 MSK
2024-08-02 19:57:05.964 MSK [87746] LOG:  database system was not properly shut down; automatic recovery in progress
2024-08-02 19:57:05.968 MSK [87746] LOG:  redo starts at 0/1F8DB18
2024-08-02 19:57:05.968 MSK [87746] LOG:  invalid record length at 0/1F8FE98: expected at least 24, got 0
2024-08-02 19:57:05.968 MSK [87746] LOG:  redo done at 0/1F8FE20 system usage: CPU: user: 0.00 s, system: 0.00 s, elapsed: 0.00 s
2024-08-02 19:57:05.970 MSK [87744] LOG:  checkpoint starting: end-of-recovery immediate wait
2024-08-02 19:57:05.972 MSK [87744] LOG:  checkpoint complete: wrote 12 buffers (0.1%); 0 WAL file(s) added, 0 removed, 0 recycled; write=0.001 s, sync=0.001 s, total=0.002 s; sync files=11, longest=0.001 s, average=0.001 s; distance=8 kB, estimate=8 kB; lsn=0/1F8FE98, redo lsn=0/1F8FE98
2024-08-02 19:57:05.973 MSK [87743] LOG:  database system is ready to accept connections
2024-08-02 19:59:22.063 MSK [87968] ERROR:  column "userId" of relation "Orders" does not exist at character 34
2024-08-02 19:59:22.063 MSK [87968] STATEMENT:  INSERT INTO "Orders" ("isActive","userId","createdAt","updatedAt") VALUES (true,1,'2024-08-02 16:59:22.062 +00:00','2024-08-02 16:59:22.062 +00:00'),(false,2,'2024-08-02 16:59:22.062 +00:00','2024-08-02 16:59:22.062 +00:00'),(true,3,'2024-08-02 16:59:22.062 +00:00','2024-08-02 16:59:22.062 +00:00');
2024-08-02 19:59:22.066 MSK [87968] LOG:  could not receive data from client: Connection reset by peer
2024-08-02 20:02:05.959 MSK [87744] LOG:  checkpoint starting: time
2024-08-02 20:02:06.478 MSK [87744] LOG:  checkpoint complete: wrote 6 buffers (0.0%); 0 WAL file(s) added, 0 removed, 0 recycled; write=0.512 s, sync=0.001 s, total=0.520 s; sync files=6, longest=0.001 s, average=0.001 s; distance=5 kB, estimate=8 kB; lsn=0/1F915F8, redo lsn=0/1F915C0
2024-08-05 16:50:58.838 MSK [4096] ERROR:  column Order.userId does not exist at character 600
2024-08-05 16:50:58.838 MSK [4096] HINT:  Perhaps you meant to reference the column "Order.itemId".
2024-08-05 16:50:58.838 MSK [4096] STATEMENT:  SELECT "Order"."id", "Order"."isActive", "Order"."itemId", "Order"."createdAt", "Order"."updatedAt", "MenuItem"."id" AS "MenuItem.id", "MenuItem"."title" AS "MenuItem.title", "MenuItem"."picture" AS "MenuItem.picture", "MenuItem"."cost" AS "MenuItem.cost", "MenuItem"."callQuantity" AS "MenuItem.callQuantity", "MenuItem"."description" AS "MenuItem.description", "MenuItem"."createdAt" AS "MenuItem.createdAt", "MenuItem"."updatedAt" AS "MenuItem.updatedAt" FROM "Orders" AS "Order" LEFT OUTER JOIN "MenuItems" AS "MenuItem" ON "Order"."itemId" = "MenuItem"."id" WHERE "Order"."isActive" = true AND "Order"."userId" = '/api/user/orders?id=2';
2024-08-05 16:51:42.485 MSK [4300] ERROR:  column Order.userId does not exist at character 600
2024-08-05 16:51:42.485 MSK [4300] HINT:  Perhaps you meant to reference the column "Order.itemId".
2024-08-05 16:51:42.485 MSK [4300] STATEMENT:  SELECT "Order"."id", "Order"."isActive", "Order"."itemId", "Order"."createdAt", "Order"."updatedAt", "MenuItem"."id" AS "MenuItem.id", "MenuItem"."title" AS "MenuItem.title", "MenuItem"."picture" AS "MenuItem.picture", "MenuItem"."cost" AS "MenuItem.cost", "MenuItem"."callQuantity" AS "MenuItem.callQuantity", "MenuItem"."description" AS "MenuItem.description", "MenuItem"."createdAt" AS "MenuItem.createdAt", "MenuItem"."updatedAt" AS "MenuItem.updatedAt" FROM "Orders" AS "Order" LEFT OUTER JOIN "MenuItems" AS "MenuItem" ON "Order"."itemId" = "MenuItem"."id" WHERE "Order"."isActive" = true AND "Order"."userId" = '2';
2024-08-05 16:51:48.970 MSK [4300] ERROR:  column Order.userId does not exist at character 600
2024-08-05 16:51:48.970 MSK [4300] HINT:  Perhaps you meant to reference the column "Order.itemId".
2024-08-05 16:51:48.970 MSK [4300] STATEMENT:  SELECT "Order"."id", "Order"."isActive", "Order"."itemId", "Order"."createdAt", "Order"."updatedAt", "MenuItem"."id" AS "MenuItem.id", "MenuItem"."title" AS "MenuItem.title", "MenuItem"."picture" AS "MenuItem.picture", "MenuItem"."cost" AS "MenuItem.cost", "MenuItem"."callQuantity" AS "MenuItem.callQuantity", "MenuItem"."description" AS "MenuItem.description", "MenuItem"."createdAt" AS "MenuItem.createdAt", "MenuItem"."updatedAt" AS "MenuItem.updatedAt" FROM "Orders" AS "Order" LEFT OUTER JOIN "MenuItems" AS "MenuItem" ON "Order"."itemId" = "MenuItem"."id" WHERE "Order"."isActive" = true AND "Order"."userId" = '2';
2024-08-05 17:00:48.057 MSK [5329] ERROR:  column Users.isActive does not exist at character 95
2024-08-05 17:00:48.057 MSK [5329] STATEMENT:  SELECT "id", "name", "orders", "role", "createdAt", "updatedAt" FROM "Users" AS "Users" WHERE "Users"."isActive" = true AND "Users"."id" = '2';
2024-08-05 17:15:14.672 MSK [7512] ERROR:  invalid input syntax for type integer: "2;%20DROP%20TABLE%20Orders;" at character 110
2024-08-05 17:15:14.672 MSK [7512] STATEMENT:  SELECT "id", "name", "orders", "role", "createdAt", "updatedAt" FROM "Users" AS "Users" WHERE "Users"."id" = '2;%20DROP%20TABLE%20Orders;';
2024-08-05 17:16:29.958 MSK [7612] ERROR:  invalid input syntax for type integer: "2;%20DROP%20TABLE%20Orders;" at character 110
2024-08-05 17:16:29.958 MSK [7612] STATEMENT:  SELECT "id", "name", "orders", "role", "createdAt", "updatedAt" FROM "Users" AS "Users" WHERE "Users"."id" = '2;%20DROP%20TABLE%20Orders;';
2024-08-05 17:17:10.409 MSK [7637] ERROR:  invalid input syntax for type integer: "2;%20DROP\%20TABLE\%20Orders;" at character 110
2024-08-05 17:17:10.409 MSK [7637] STATEMENT:  SELECT "id", "name", "orders", "role", "createdAt", "updatedAt" FROM "Users" AS "Users" WHERE "Users"."id" = '2;%20DROP\%20TABLE\%20Orders;';
2024-08-05 17:18:47.406 MSK [7711] ERROR:  invalid input syntax for type integer: "2;%20DROP\%20TABLE\%20Orders;" at character 110
2024-08-05 17:18:47.406 MSK [7711] STATEMENT:  SELECT "id", "name", "orders", "role", "createdAt", "updatedAt" FROM "Users" AS "Users" WHERE "Users"."id" = '2;%20DROP\%20TABLE\%20Orders;';
2024-08-05 17:21:21.586 MSK [8281] ERROR:  invalid input syntax for type integer: "2;%27drop%27%27table%27%27Orders%27;" at character 110
2024-08-05 17:21:21.586 MSK [8281] STATEMENT:  SELECT "id", "name", "orders", "role", "createdAt", "updatedAt" FROM "Users" AS "Users" WHERE "Users"."id" = '2;%27drop%27%27table%27%27Orders%27;';
2024-08-05 17:21:38.538 MSK [8290] ERROR:  invalid input syntax for type integer: "2;%27drop%27%27table%27%27Orders%27;" at character 110
2024-08-05 17:21:38.538 MSK [8290] STATEMENT:  SELECT "id", "name", "orders", "role", "createdAt", "updatedAt" FROM "Users" AS "Users" WHERE "Users"."id" = '2;%27drop%27%27table%27%27Orders%27;';
2024-08-05 17:21:49.817 MSK [8296] ERROR:  invalid input syntax for type integer: "2;" at character 110
2024-08-05 17:21:49.817 MSK [8296] STATEMENT:  SELECT "id", "name", "orders", "role", "createdAt", "updatedAt" FROM "Users" AS "Users" WHERE "Users"."id" = '2;';
2024-08-05 17:22:05.493 MSK [8301] ERROR:  invalid input syntax for type integer: "2;" at character 110
2024-08-05 17:22:05.493 MSK [8301] STATEMENT:  SELECT "id", "name", "orders", "role", "createdAt", "updatedAt" FROM "Users" AS "Users" WHERE "Users"."id" = '2;';
2024-08-05 17:27:36.151 MSK [4356] ERROR:  syntax error at or near "from" at character 12
2024-08-05 17:27:36.151 MSK [4356] STATEMENT:  select%%*%%from%%Orders;
2024-08-05 17:27:44.881 MSK [4356] ERROR:  syntax error at or near "\" at character 7
2024-08-05 17:27:44.881 MSK [4356] STATEMENT:  select\n*\nfrom\nOrders;
2024-08-05 17:28:05.437 MSK [4356] ERROR:  syntax error at or near ""select""*""from""Orders"" at character 1
2024-08-05 17:28:05.437 MSK [4356] STATEMENT:  "select""*""from""Orders";
2024-08-05 17:28:22.854 MSK [8837] ERROR:  invalid input syntax for type integer: "2;select*from%22Orders%22;" at character 110
2024-08-05 17:28:22.854 MSK [8837] STATEMENT:  SELECT "id", "name", "orders", "role", "createdAt", "updatedAt" FROM "Users" AS "Users" WHERE "Users"."id" = '2;select*from%22Orders%22;';
2024-08-05 17:28:39.978 MSK [8837] ERROR:  invalid input syntax for type integer: "2;select*from%22Orders%22;" at character 110
2024-08-05 17:28:39.978 MSK [8837] STATEMENT:  SELECT "id", "name", "orders", "role", "createdAt", "updatedAt" FROM "Users" AS "Users" WHERE "Users"."id" = '2;select*from%22Orders%22;';
2024-08-05 17:28:43.810 MSK [8837] ERROR:  invalid input syntax for type integer: "2;select*from%22Orders%22" at character 110
2024-08-05 17:28:43.810 MSK [8837] STATEMENT:  SELECT "id", "name", "orders", "role", "createdAt", "updatedAt" FROM "Users" AS "Users" WHERE "Users"."id" = '2;select*from%22Orders%22';
2024-08-05 17:47:38.897 MSK [9885] ERROR:  column Order.userId does not exist at character 570
2024-08-05 17:47:38.897 MSK [9885] HINT:  Perhaps you meant to reference the column "Order.itemId".
2024-08-05 17:47:38.897 MSK [9885] STATEMENT:  SELECT "Order"."id", "Order"."isActive", "Order"."itemId", "Order"."createdAt", "Order"."updatedAt", "MenuItem"."id" AS "MenuItem.id", "MenuItem"."title" AS "MenuItem.title", "MenuItem"."picture" AS "MenuItem.picture", "MenuItem"."cost" AS "MenuItem.cost", "MenuItem"."callQuantity" AS "MenuItem.callQuantity", "MenuItem"."description" AS "MenuItem.description", "MenuItem"."createdAt" AS "MenuItem.createdAt", "MenuItem"."updatedAt" AS "MenuItem.updatedAt" FROM "Orders" AS "Order" LEFT OUTER JOIN "MenuItems" AS "MenuItem" ON "Order"."itemId" = "MenuItem"."id" WHERE "Order"."userId" = '2';
2024-08-05 17:51:00.483 MSK [10786] ERROR:  invalid input syntax for type integer: "w" at character 110
2024-08-05 17:51:00.483 MSK [10786] STATEMENT:  SELECT "id", "name", "orders", "role", "createdAt", "updatedAt" FROM "Users" AS "Users" WHERE "Users"."id" = 'w';
2024-08-05 18:47:21.464 MSK [13028] ERROR:  relation "MenuItem" does not exist at character 15
2024-08-05 18:47:21.464 MSK [13028] STATEMENT:  SELECT * FROM "MenuItem"
	JOIN "Order" ON "Order".itemId="MenuItem".id
	WHERE "Order".id = 2;
2024-08-05 18:47:41.281 MSK [13028] ERROR:  column Order.itemid does not exist at character 43
2024-08-05 18:47:41.281 MSK [13028] HINT:  Perhaps you meant to reference the column "Order.items".
2024-08-05 18:47:41.281 MSK [13028] STATEMENT:  SELECT * FROM "MenuItems"
	JOIN "Order" ON "Order".itemId="MenuItem".id
	WHERE "Order".id = 2;
2024-08-05 18:47:52.843 MSK [13028] ERROR:  column Orders.itemid does not exist at character 44
2024-08-05 18:47:52.843 MSK [13028] HINT:  Perhaps you meant to reference the column "Orders.itemId".
2024-08-05 18:47:52.843 MSK [13028] STATEMENT:  SELECT * FROM "MenuItems"
	JOIN "Orders" ON "Orders".itemId="MenuItems".id
	WHERE "Orders".id = 2;
2024-08-05 18:48:03.038 MSK [13028] ERROR:  column Orders.itemid does not exist at character 44
2024-08-05 18:48:03.038 MSK [13028] HINT:  Perhaps you meant to reference the column "Orders.itemId".
2024-08-05 18:48:03.038 MSK [13028] STATEMENT:  SELECT * FROM "MenuItems"
	JOIN "Orders" ON "Orders".itemId
	WHERE "Orders".id = 2;
2024-08-05 18:48:13.499 MSK [13028] ERROR:  column Orders.itemid does not exist at character 59
2024-08-05 18:48:13.499 MSK [13028] HINT:  Perhaps you meant to reference the column "Orders.itemId".
2024-08-05 18:48:13.499 MSK [13028] STATEMENT:  SELECT * FROM "MenuItems"
	JOIN "Orders" ON "MenuItems".id="Orders".itemId
	WHERE "Orders".id = 2;
2024-08-05 18:48:29.700 MSK [13028] ERROR:  column "Orders.itemId" does not exist at character 59
2024-08-05 18:48:29.700 MSK [13028] STATEMENT:  SELECT * FROM "MenuItems"
	JOIN "Orders" ON "MenuItems".id="Orders.itemId"
	WHERE "Orders".id = 2;
2024-08-05 18:48:39.408 MSK [13028] ERROR:  column "Order.itemId" does not exist at character 58
2024-08-05 18:48:39.408 MSK [13028] STATEMENT:  SELECT * FROM "MenuItems"
	JOIN "Order" ON "MenuItems".id="Order.itemId"
	WHERE "Order".id = 2;
2024-08-05 18:49:19.018 MSK [13028] ERROR:  column Order.itemid does not exist at character 216
2024-08-05 18:49:19.018 MSK [13028] HINT:  Perhaps you meant to reference the column "Order.items".
2024-08-05 18:49:19.018 MSK [13028] STATEMENT:  SELECT "MenuItems".*, "Order".id AS "Order.id", "Order".isActive AS "Order.isActive", "Order".createdAt AS "Order.createdAt", "Order".updatedAt AS "Order.updatedAt"
	FROM "MenuItems"
	JOIN "Order" ON "MenuItems".id = "Order".itemId
	WHERE "Order".id = 2;
	
2024-08-05 18:50:02.874 MSK [13028] ERROR:  syntax error at or near "fron" at character 275
2024-08-05 18:50:02.874 MSK [13028] STATEMENT:  -- SELECT "MenuItems".*, "Order".id AS "Order.id", "Order".isActive AS "Order.isActive", "Order".createdAt AS "Order.createdAt", "Order".updatedAt AS "Order.updatedAt"
	-- FROM "MenuItems"
	-- JOIN "Order" ON "MenuItems".id = "Order".itemId
	-- WHERE "Order".id = 2;
	
	select * fron "orders"
2024-08-05 18:50:08.450 MSK [13028] ERROR:  syntax error at or near "fron" at character 275
2024-08-05 18:50:08.450 MSK [13028] STATEMENT:  -- SELECT "MenuItems".*, "Order".id AS "Order.id", "Order".isActive AS "Order.isActive", "Order".createdAt AS "Order.createdAt", "Order".updatedAt AS "Order.updatedAt"
	-- FROM "MenuItems"
	-- JOIN "Order" ON "MenuItems".id = "Order".itemId
	-- WHERE "Order".id = 2;
	
	select * fron "Orders"
2024-08-05 18:51:03.759 MSK [13028] ERROR:  column Orders.itemid does not exist at character 225
2024-08-05 18:51:03.759 MSK [13028] HINT:  Perhaps you meant to reference the column "Orders.itemId".
2024-08-05 18:51:03.759 MSK [13028] STATEMENT:  SELECT "MenuItems".*, "Orders".id AS "Orders.id", "Orders".isActive AS "Orders.isActive", "Orders".createdAt AS "Orders.createdAt", "Orders".updatedAt AS "Orders.updatedAt"
	FROM "MenuItems"
	JOIN "Orders" ON "MenuItems".id = "Orders".itemId
	WHERE "Orders".id = 2;
	
2024-08-07 16:58:51.755 MSK [41032] ERROR:  invalid input syntax for type integer: "" at character 153
2024-08-07 16:58:51.755 MSK [41032] STATEMENT:  SELECT "id", "title", "picture", "cost", "callQuantity", "description", "createdAt", "updatedAt" FROM "MenuItems" AS "MenuItem" WHERE "MenuItem"."id" = '';
2024-08-07 17:30:57.970 MSK [42132] ERROR:  invalid input syntax for type integer: "2%D1%913%D1%91" at character 110
2024-08-07 17:30:57.970 MSK [42132] STATEMENT:  SELECT "id", "name", "orders", "role", "createdAt", "updatedAt" FROM "Users" AS "Users" WHERE "Users"."id" = '2%D1%913%D1%91';
2024-08-07 17:30:58.237 MSK [42132] ERROR:  invalid input syntax for type integer: "2%D1%913%D1%91" at character 110
2024-08-07 17:30:58.237 MSK [42132] STATEMENT:  SELECT "id", "name", "orders", "role", "createdAt", "updatedAt" FROM "Users" AS "Users" WHERE "Users"."id" = '2%D1%913%D1%91';
2024-08-07 18:17:18.377 MSK [43642] ERROR:  column Order.userId does not exist at character 570
2024-08-07 18:17:18.377 MSK [43642] HINT:  Perhaps you meant to reference the column "Order.itemId".
2024-08-07 18:17:18.377 MSK [43642] STATEMENT:  SELECT "Order"."id", "Order"."isActive", "Order"."itemId", "Order"."createdAt", "Order"."updatedAt", "MenuItem"."id" AS "MenuItem.id", "MenuItem"."title" AS "MenuItem.title", "MenuItem"."picture" AS "MenuItem.picture", "MenuItem"."cost" AS "MenuItem.cost", "MenuItem"."callQuantity" AS "MenuItem.callQuantity", "MenuItem"."description" AS "MenuItem.description", "MenuItem"."createdAt" AS "MenuItem.createdAt", "MenuItem"."updatedAt" AS "MenuItem.updatedAt" FROM "Orders" AS "Order" LEFT OUTER JOIN "MenuItems" AS "MenuItem" ON "Order"."itemId" = "MenuItem"."id" WHERE "Order"."userId" = '4';
2024-08-07 18:17:31.004 MSK [43660] ERROR:  column Order.userId does not exist at character 570
2024-08-07 18:17:31.004 MSK [43660] HINT:  Perhaps you meant to reference the column "Order.itemId".
2024-08-07 18:17:31.004 MSK [43660] STATEMENT:  SELECT "Order"."id", "Order"."isActive", "Order"."itemId", "Order"."createdAt", "Order"."updatedAt", "MenuItem"."id" AS "MenuItem.id", "MenuItem"."title" AS "MenuItem.title", "MenuItem"."picture" AS "MenuItem.picture", "MenuItem"."cost" AS "MenuItem.cost", "MenuItem"."callQuantity" AS "MenuItem.callQuantity", "MenuItem"."description" AS "MenuItem.description", "MenuItem"."createdAt" AS "MenuItem.createdAt", "MenuItem"."updatedAt" AS "MenuItem.updatedAt" FROM "Orders" AS "Order" LEFT OUTER JOIN "MenuItems" AS "MenuItem" ON "Order"."itemId" = "MenuItem"."id" WHERE "Order"."userId" = '4';
2024-08-07 18:25:34.833 MSK [44062] ERROR:  column "userId" of relation "Orders" contains null values
2024-08-07 18:25:34.833 MSK [44062] STATEMENT:  ALTER TABLE "public"."Orders" ADD COLUMN "userId" INTEGER NOT NULL REFERENCES "Users" ("id");
2024-08-07 18:26:14.445 MSK [44169] ERROR:  column "userId" of relation "Orders" contains null values
2024-08-07 18:26:14.445 MSK [44169] STATEMENT:  ALTER TABLE "public"."Orders" ADD COLUMN "userId" INTEGER NOT NULL REFERENCES "Users" ("id");
2024-08-07 18:26:14.449 MSK [44169] LOG:  could not receive data from client: Connection reset by peer
2024-08-07 18:28:45.782 MSK [87744] LOG:  checkpoint starting: time
2024-08-07 18:28:47.934 MSK [87744] LOG:  checkpoint complete: wrote 22 buffers (0.1%); 0 WAL file(s) added, 0 removed, 0 recycled; write=2.144 s, sync=0.002 s, total=2.155 s; sync files=20, longest=0.001 s, average=0.001 s; distance=86 kB, estimate=86 kB; lsn=0/1FA7138, redo lsn=0/1FA7100
2024-08-07 22:01:41.347 MSK [48105] ERROR:  invalid input syntax for type integer: "zxv" at character 110
2024-08-07 22:01:41.347 MSK [48105] STATEMENT:  SELECT "id", "name", "orders", "role", "createdAt", "updatedAt" FROM "Users" AS "Users" WHERE "Users"."id" = 'zxv';
2024-08-09 12:08:38.342 MSK [80629] ERROR:  column "userId" of relation "Orders" contains null values
2024-08-09 12:08:38.342 MSK [80629] STATEMENT:  ALTER TABLE "public"."Orders" ADD COLUMN "userId" INTEGER NOT NULL REFERENCES "Users" ("id");
2024-08-09 12:08:38.346 MSK [80629] LOG:  could not receive data from client: Connection reset by peer
2024-08-09 12:10:28.692 MSK [87744] LOG:  checkpoint starting: time
2024-08-09 12:10:30.646 MSK [87744] LOG:  checkpoint complete: wrote 20 buffers (0.1%); 0 WAL file(s) added, 0 removed, 0 recycled; write=1.944 s, sync=0.002 s, total=1.959 s; sync files=18, longest=0.001 s, average=0.001 s; distance=87 kB, estimate=87 kB; lsn=0/1FBD080, redo lsn=0/1FBD048
2024-08-09 12:15:28.638 MSK [87744] LOG:  checkpoint starting: time
2024-08-09 12:15:30.788 MSK [87744] LOG:  checkpoint complete: wrote 22 buffers (0.1%); 0 WAL file(s) added, 0 removed, 0 recycled; write=2.139 s, sync=0.003 s, total=2.156 s; sync files=20, longest=0.001 s, average=0.001 s; distance=89 kB, estimate=89 kB; lsn=0/1FD3730, redo lsn=0/1FD36F8
2024-08-09 12:20:28.782 MSK [87744] LOG:  checkpoint starting: time
2024-08-09 12:20:30.733 MSK [87744] LOG:  checkpoint complete: wrote 20 buffers (0.1%); 0 WAL file(s) added, 0 removed, 0 recycled; write=1.941 s, sync=0.003 s, total=1.953 s; sync files=19, longest=0.001 s, average=0.001 s; distance=69 kB, estimate=87 kB; lsn=0/1FE4B78, redo lsn=0/1FE4B40
2024-08-09 12:20:32.812 MSK [81138] ERROR:  syntax error at or near "\" at character 1
2024-08-09 12:20:32.812 MSK [81138] STATEMENT:  \d Orders; 
2024-08-09 12:20:50.790 MSK [81138] ERROR:  relation "orders" does not exist at character 15
2024-08-09 12:20:50.790 MSK [81138] STATEMENT:  SELECT * FROM Orders;
2024-08-09 12:53:02.128 MSK [82272] ERROR:  null value in column "userId" of relation "Orders" violates not-null constraint
2024-08-09 12:53:02.128 MSK [82272] DETAIL:  Failing row contains (38, t, 1, 2024-08-09 09:53:02.121+00, 2024-08-09 09:53:02.121+00, null).
2024-08-09 12:53:02.128 MSK [82272] STATEMENT:  INSERT INTO "Orders" ("id","isActive","itemId","createdAt","updatedAt") VALUES (DEFAULT,$1,$2,$3,$4) RETURNING "id","isActive","itemId","createdAt","updatedAt";
2024-08-09 12:53:13.463 MSK [82327] ERROR:  null value in column "userId" of relation "Orders" violates not-null constraint
2024-08-09 12:53:13.463 MSK [82327] DETAIL:  Failing row contains (39, t, 1, 2024-08-09 09:53:13.458+00, 2024-08-09 09:53:13.458+00, null).
2024-08-09 12:53:13.463 MSK [82327] STATEMENT:  INSERT INTO "Orders" ("id","isActive","itemId","createdAt","updatedAt") VALUES (DEFAULT,$1,$2,$3,$4) RETURNING "id","isActive","itemId","createdAt","updatedAt";
2024-08-09 12:53:48.240 MSK [82524] ERROR:  null value in column "userId" of relation "Orders" violates not-null constraint
2024-08-09 12:53:48.240 MSK [82524] DETAIL:  Failing row contains (40, t, 1, 2024-08-09 09:53:48.237+00, 2024-08-09 09:53:48.237+00, null).
2024-08-09 12:53:48.240 MSK [82524] STATEMENT:  INSERT INTO "Orders" ("id","isActive","itemId","createdAt","updatedAt") VALUES (DEFAULT,$1,$2,$3,$4) RETURNING "id","isActive","itemId","createdAt","updatedAt";
2024-08-09 12:56:06.352 MSK [87744] LOG:  checkpoint starting: time
2024-08-09 12:56:06.874 MSK [87744] LOG:  checkpoint complete: wrote 6 buffers (0.0%); 0 WAL file(s) added, 0 removed, 0 recycled; write=0.514 s, sync=0.002 s, total=0.525 s; sync files=6, longest=0.001 s, average=0.001 s; distance=0 kB, estimate=78 kB; lsn=0/1FE4D28, redo lsn=0/1FE4CF0
2024-08-09 12:56:20.888 MSK [82769] ERROR:  null value in column "userId" of relation "Orders" violates not-null constraint
2024-08-09 12:56:20.888 MSK [82769] DETAIL:  Failing row contains (41, t, 1, 2024-08-09 09:56:20.884+00, 2024-08-09 09:56:20.884+00, null).
2024-08-09 12:56:20.888 MSK [82769] STATEMENT:  INSERT INTO "Orders" ("id","isActive","itemId","createdAt","updatedAt") VALUES (DEFAULT,$1,$2,$3,$4) RETURNING "id","isActive","itemId","createdAt","updatedAt";
2024-08-09 12:58:08.214 MSK [83126] ERROR:  null value in column "userId" of relation "Orders" violates not-null constraint
2024-08-09 12:58:08.214 MSK [83126] DETAIL:  Failing row contains (42, t, 1, 2024-08-09 09:58:08.208+00, 2024-08-09 09:58:08.208+00, null).
2024-08-09 12:58:08.214 MSK [83126] STATEMENT:  INSERT INTO "Orders" ("id","isActive","itemId","createdAt","updatedAt") VALUES (DEFAULT,$1,$2,$3,$4) RETURNING "id","isActive","itemId","createdAt","updatedAt";
2024-08-09 12:58:31.851 MSK [83308] ERROR:  null value in column "userId" of relation "Orders" violates not-null constraint
2024-08-09 12:58:31.851 MSK [83308] DETAIL:  Failing row contains (43, t, 1, 2024-08-09 09:58:31.847+00, 2024-08-09 09:58:31.847+00, null).
2024-08-09 12:58:31.851 MSK [83308] STATEMENT:  INSERT INTO "Orders" ("id","isActive","itemId","createdAt","updatedAt") VALUES (DEFAULT,$1,$2,$3,$4) RETURNING "id","isActive","itemId","createdAt","updatedAt";
2024-08-09 13:01:06.861 MSK [87744] LOG:  checkpoint starting: time
2024-08-09 13:01:07.073 MSK [87744] LOG:  checkpoint complete: wrote 3 buffers (0.0%); 0 WAL file(s) added, 0 removed, 0 recycled; write=0.206 s, sync=0.001 s, total=0.214 s; sync files=3, longest=0.001 s, average=0.001 s; distance=0 kB, estimate=71 kB; lsn=0/1FE4ED8, redo lsn=0/1FE4EA0
2024-08-09 13:01:55.545 MSK [83546] ERROR:  null value in column "userId" of relation "Orders" violates not-null constraint
2024-08-09 13:01:55.545 MSK [83546] DETAIL:  Failing row contains (44, t, 1, 2024-08-09 10:01:55.537+00, 2024-08-09 10:01:55.537+00, null).
2024-08-09 13:01:55.545 MSK [83546] STATEMENT:  INSERT INTO "Orders" ("id","isActive","itemId","createdAt","updatedAt") VALUES (DEFAULT,$1,$2,$3,$4) RETURNING "id","isActive","itemId","createdAt","updatedAt";
2024-08-09 13:06:06.061 MSK [87744] LOG:  checkpoint starting: time
2024-08-09 13:06:06.172 MSK [87744] LOG:  checkpoint complete: wrote 2 buffers (0.0%); 0 WAL file(s) added, 0 removed, 0 recycled; write=0.104 s, sync=0.001 s, total=0.114 s; sync files=2, longest=0.001 s, average=0.001 s; distance=0 kB, estimate=63 kB; lsn=0/1FE5088, redo lsn=0/1FE5050
2024-08-09 13:08:59.005 MSK [84227] ERROR:  null value in column "userId" of relation "Orders" violates not-null constraint
2024-08-09 13:08:59.005 MSK [84227] DETAIL:  Failing row contains (45, t, 1, 2024-08-09 10:08:58.991+00, 2024-08-09 10:08:58.991+00, null).
2024-08-09 13:08:59.005 MSK [84227] STATEMENT:  INSERT INTO "Orders" ("id","isActive","itemId","createdAt","updatedAt") VALUES (DEFAULT,$1,$2,$3,$4) RETURNING "id","isActive","itemId","createdAt","updatedAt";
2024-08-09 13:09:09.094 MSK [84275] ERROR:  null value in column "userId" of relation "Orders" violates not-null constraint
2024-08-09 13:09:09.094 MSK [84275] DETAIL:  Failing row contains (46, t, 1, 2024-08-09 10:09:09.09+00, 2024-08-09 10:09:09.09+00, null).
2024-08-09 13:09:09.094 MSK [84275] STATEMENT:  INSERT INTO "Orders" ("id","isActive","itemId","createdAt","updatedAt") VALUES (DEFAULT,$1,$2,$3,$4) RETURNING "id","isActive","itemId","createdAt","updatedAt";
2024-08-09 13:11:06.161 MSK [87744] LOG:  checkpoint starting: time
2024-08-09 13:11:06.276 MSK [87744] LOG:  checkpoint complete: wrote 2 buffers (0.0%); 0 WAL file(s) added, 0 removed, 0 recycled; write=0.105 s, sync=0.001 s, total=0.119 s; sync files=2, longest=0.001 s, average=0.001 s; distance=0 kB, estimate=57 kB; lsn=0/1FE5238, redo lsn=0/1FE5200
2024-08-09 13:13:42.752 MSK [84209] ERROR:  relation "Orders" does not exist at character 15
2024-08-09 13:13:42.752 MSK [84209] STATEMENT:  select * from "Orders"
2024-08-09 13:16:06.291 MSK [87744] LOG:  checkpoint starting: time
2024-08-09 13:16:10.591 MSK [87744] LOG:  checkpoint complete: wrote 43 buffers (0.3%); 0 WAL file(s) added, 0 removed, 1 recycled; write=4.288 s, sync=0.005 s, total=4.300 s; sync files=38, longest=0.001 s, average=0.001 s; distance=184 kB, estimate=184 kB; lsn=0/2013370, redo lsn=0/2013338
2024-08-09 13:21:06.579 MSK [87744] LOG:  checkpoint starting: time
2024-08-09 13:21:07.199 MSK [87744] LOG:  checkpoint complete: wrote 7 buffers (0.0%); 0 WAL file(s) added, 0 removed, 0 recycled; write=0.613 s, sync=0.002 s, total=0.620 s; sync files=6, longest=0.001 s, average=0.001 s; distance=2 kB, estimate=166 kB; lsn=0/2013BB0, redo lsn=0/2013B78
2024-08-09 13:26:06.186 MSK [87744] LOG:  checkpoint starting: time
2024-08-09 13:26:06.602 MSK [87744] LOG:  checkpoint complete: wrote 5 buffers (0.0%); 0 WAL file(s) added, 0 removed, 0 recycled; write=0.409 s, sync=0.001 s, total=0.416 s; sync files=5, longest=0.001 s, average=0.001 s; distance=2 kB, estimate=149 kB; lsn=0/2014460, redo lsn=0/2014428
2024-08-09 13:31:06.590 MSK [87744] LOG:  checkpoint starting: time
2024-08-09 13:31:07.008 MSK [87744] LOG:  checkpoint complete: wrote 5 buffers (0.0%); 0 WAL file(s) added, 0 removed, 0 recycled; write=0.410 s, sync=0.002 s, total=0.419 s; sync files=5, longest=0.001 s, average=0.001 s; distance=2 kB, estimate=134 kB; lsn=0/2014E80, redo lsn=0/2014E48
2024-08-09 16:08:26.662 MSK [87744] LOG:  checkpoint starting: time
2024-08-09 16:08:27.080 MSK [87744] LOG:  checkpoint complete: wrote 5 buffers (0.0%); 0 WAL file(s) added, 0 removed, 0 recycled; write=0.409 s, sync=0.001 s, total=0.418 s; sync files=5, longest=0.001 s, average=0.001 s; distance=2 kB, estimate=121 kB; lsn=0/2015940, redo lsn=0/2015908
2024-08-09 16:13:26.067 MSK [87744] LOG:  checkpoint starting: time
2024-08-09 16:13:26.485 MSK [87744] LOG:  checkpoint complete: wrote 5 buffers (0.0%); 0 WAL file(s) added, 0 removed, 0 recycled; write=0.410 s, sync=0.002 s, total=0.419 s; sync files=5, longest=0.001 s, average=0.001 s; distance=2 kB, estimate=109 kB; lsn=0/20164B8, redo lsn=0/2016480
2024-08-09 16:18:26.473 MSK [87744] LOG:  checkpoint starting: time
2024-08-09 16:18:26.892 MSK [87744] LOG:  checkpoint complete: wrote 5 buffers (0.0%); 0 WAL file(s) added, 0 removed, 0 recycled; write=0.410 s, sync=0.002 s, total=0.420 s; sync files=5, longest=0.001 s, average=0.001 s; distance=2 kB, estimate=99 kB; lsn=0/2016F88, redo lsn=0/2016F50
2024-08-09 16:24:00.938 MSK [87744] LOG:  checkpoint starting: time
2024-08-09 16:24:01.355 MSK [87744] LOG:  checkpoint complete: wrote 5 buffers (0.0%); 0 WAL file(s) added, 0 removed, 0 recycled; write=0.410 s, sync=0.002 s, total=0.417 s; sync files=5, longest=0.001 s, average=0.001 s; distance=2 kB, estimate=89 kB; lsn=0/2017AA0, redo lsn=0/2017A68
2024-08-09 16:29:00.341 MSK [87744] LOG:  checkpoint starting: time
2024-08-09 16:29:00.553 MSK [87744] LOG:  checkpoint complete: wrote 3 buffers (0.0%); 0 WAL file(s) added, 0 removed, 0 recycled; write=0.205 s, sync=0.001 s, total=0.213 s; sync files=3, longest=0.001 s, average=0.001 s; distance=1 kB, estimate=80 kB; lsn=0/20180B8, redo lsn=0/2018080
2024-08-09 16:34:00.540 MSK [87744] LOG:  checkpoint starting: time
2024-08-09 16:34:00.952 MSK [87744] LOG:  checkpoint complete: wrote 5 buffers (0.0%); 0 WAL file(s) added, 0 removed, 0 recycled; write=0.408 s, sync=0.001 s, total=0.412 s; sync files=5, longest=0.001 s, average=0.001 s; distance=3 kB, estimate=73 kB; lsn=0/2018FB8, redo lsn=0/2018F80
2024-08-09 16:39:00.939 MSK [87744] LOG:  checkpoint starting: time
2024-08-09 16:39:01.358 MSK [87744] LOG:  checkpoint complete: wrote 5 buffers (0.0%); 0 WAL file(s) added, 0 removed, 0 recycled; write=0.410 s, sync=0.001 s, total=0.420 s; sync files=5, longest=0.001 s, average=0.001 s; distance=3 kB, estimate=66 kB; lsn=0/2019C68, redo lsn=0/2019C30
2024-08-09 17:29:25.717 MSK [89904] ERROR:  unterminated quoted identifier at or near ""Users" at character 15
2024-08-09 17:29:25.717 MSK [89904] STATEMENT:  select * from "Users
2024-08-09 17:30:07.564 MSK [89904] ERROR:  syntax error at or near "User" at character 12
2024-08-09 17:30:07.564 MSK [89904] STATEMENT:  DROP TABLE User
2024-08-09 17:30:14.093 MSK [89904] ERROR:  cannot drop table "User" because other objects depend on it
2024-08-09 17:30:14.093 MSK [89904] DETAIL:  constraint Order_user_id_fkey on table "Order" depends on table "User"
2024-08-09 17:30:14.093 MSK [89904] HINT:  Use DROP ... CASCADE to drop the dependent objects too.
2024-08-09 17:30:14.093 MSK [89904] STATEMENT:  DROP TABLE "User"
2024-08-09 17:30:21.039 MSK [89904] ERROR:  cannot drop table "User" because other objects depend on it
2024-08-09 17:30:21.039 MSK [89904] DETAIL:  constraint Order_user_id_fkey on table "Order" depends on table "User"
2024-08-09 17:30:21.039 MSK [89904] HINT:  Use DROP ... CASCADE to drop the dependent objects too.
2024-08-09 17:30:21.039 MSK [89904] STATEMENT:  DROP TABLE "User";
2024-08-09 17:30:51.369 MSK [89904] ERROR:  syntax error at or near "form" at character 10
2024-08-09 17:30:51.369 MSK [89904] STATEMENT:  select * form "Users"
2024-08-09 17:35:00.610 MSK [87744] LOG:  checkpoint starting: time
2024-08-09 17:35:01.849 MSK [87744] LOG:  checkpoint complete: wrote 13 buffers (0.1%); 0 WAL file(s) added, 0 removed, 0 recycled; write=1.227 s, sync=0.002 s, total=1.240 s; sync files=11, longest=0.001 s, average=0.001 s; distance=75 kB, estimate=75 kB; lsn=0/202CAF8, redo lsn=0/202CAC0
2024-08-09 17:40:00.839 MSK [87744] LOG:  checkpoint starting: time
2024-08-09 17:40:01.357 MSK [87744] LOG:  checkpoint complete: wrote 6 buffers (0.0%); 0 WAL file(s) added, 0 removed, 0 recycled; write=0.511 s, sync=0.002 s, total=0.518 s; sync files=6, longest=0.001 s, average=0.001 s; distance=3 kB, estimate=68 kB; lsn=0/202D920, redo lsn=0/202D8E8
2024-08-09 17:45:00.321 MSK [87744] LOG:  checkpoint starting: time
2024-08-09 17:45:00.739 MSK [87744] LOG:  checkpoint complete: wrote 5 buffers (0.0%); 0 WAL file(s) added, 0 removed, 0 recycled; write=0.409 s, sync=0.001 s, total=0.418 s; sync files=5, longest=0.001 s, average=0.001 s; distance=3 kB, estimate=61 kB; lsn=0/202E800, redo lsn=0/202E7C8
2024-08-09 17:50:00.726 MSK [87744] LOG:  checkpoint starting: time
2024-08-09 17:50:01.142 MSK [87744] LOG:  checkpoint complete: wrote 5 buffers (0.0%); 0 WAL file(s) added, 0 removed, 0 recycled; write=0.408 s, sync=0.001 s, total=0.416 s; sync files=5, longest=0.001 s, average=0.001 s; distance=3 kB, estimate=56 kB; lsn=0/202F768, redo lsn=0/202F730
2024-08-09 17:55:00.131 MSK [87744] LOG:  checkpoint starting: time
2024-08-09 17:55:00.552 MSK [87744] LOG:  checkpoint complete: wrote 5 buffers (0.0%); 0 WAL file(s) added, 0 removed, 0 recycled; write=0.412 s, sync=0.002 s, total=0.422 s; sync files=5, longest=0.001 s, average=0.001 s; distance=4 kB, estimate=50 kB; lsn=0/2030788, redo lsn=0/2030750
2024-08-09 19:29:50.972 MSK [91395] ERROR:  invalid input syntax for type integer: "3" at character 110
2024-08-09 19:29:50.972 MSK [91395] STATEMENT:  SELECT "id", "name", "orders", "role", "createdAt", "updatedAt" FROM "Users" AS "Users" WHERE "Users"."id" = '3';
2024-08-09 19:32:32.485 MSK [87744] LOG:  checkpoint starting: time
2024-08-09 19:32:32.906 MSK [87744] LOG:  checkpoint complete: wrote 5 buffers (0.0%); 0 WAL file(s) added, 0 removed, 0 recycled; write=0.410 s, sync=0.002 s, total=0.422 s; sync files=5, longest=0.001 s, average=0.001 s; distance=3 kB, estimate=46 kB; lsn=0/2031700, redo lsn=0/20316C8
2024-08-11 16:51:35.116 MSK [87744] LOG:  checkpoint starting: time
2024-08-11 16:51:35.530 MSK [87744] LOG:  checkpoint complete: wrote 5 buffers (0.0%); 0 WAL file(s) added, 0 removed, 0 recycled; write=0.408 s, sync=0.001 s, total=0.415 s; sync files=5, longest=0.001 s, average=0.001 s; distance=3 kB, estimate=42 kB; lsn=0/20326E8, redo lsn=0/20326B0
2024-08-12 11:21:23.047 MSK [7181] ERROR:  invalid input syntax for type integer: "undefined" at character 153
2024-08-12 11:21:23.047 MSK [7181] STATEMENT:  SELECT "id", "title", "picture", "cost", "callQuantity", "description", "createdAt", "updatedAt" FROM "MenuItems" AS "MenuItem" WHERE "MenuItem"."id" = 'undefined';
2024-08-12 11:21:28.176 MSK [7231] ERROR:  invalid input syntax for type integer: "undefined" at character 153
2024-08-12 11:21:28.176 MSK [7231] STATEMENT:  SELECT "id", "title", "picture", "cost", "callQuantity", "description", "createdAt", "updatedAt" FROM "MenuItems" AS "MenuItem" WHERE "MenuItem"."id" = 'undefined';
2024-08-12 11:21:29.125 MSK [7231] ERROR:  invalid input syntax for type integer: "undefined" at character 153
2024-08-12 11:21:29.125 MSK [7231] STATEMENT:  SELECT "id", "title", "picture", "cost", "callQuantity", "description", "createdAt", "updatedAt" FROM "MenuItems" AS "MenuItem" WHERE "MenuItem"."id" = 'undefined';
2024-08-12 11:21:29.939 MSK [7231] ERROR:  invalid input syntax for type integer: "undefined" at character 153
2024-08-12 11:21:29.939 MSK [7231] STATEMENT:  SELECT "id", "title", "picture", "cost", "callQuantity", "description", "createdAt", "updatedAt" FROM "MenuItems" AS "MenuItem" WHERE "MenuItem"."id" = 'undefined';
2024-08-12 11:21:32.118 MSK [7231] ERROR:  invalid input syntax for type integer: "undefined" at character 153
2024-08-12 11:21:32.118 MSK [7231] STATEMENT:  SELECT "id", "title", "picture", "cost", "callQuantity", "description", "createdAt", "updatedAt" FROM "MenuItems" AS "MenuItem" WHERE "MenuItem"."id" = 'undefined';
2024-08-12 11:36:15.570 MSK [87744] LOG:  checkpoint starting: time
2024-08-12 11:36:15.988 MSK [87744] LOG:  checkpoint complete: wrote 5 buffers (0.0%); 0 WAL file(s) added, 0 removed, 0 recycled; write=0.407 s, sync=0.001 s, total=0.418 s; sync files=5, longest=0.001 s, average=0.001 s; distance=4 kB, estimate=38 kB; lsn=0/2033700, redo lsn=0/20336C8
2024-08-12 11:41:15.979 MSK [87744] LOG:  checkpoint starting: time
2024-08-12 11:41:16.396 MSK [87744] LOG:  checkpoint complete: wrote 5 buffers (0.0%); 0 WAL file(s) added, 0 removed, 0 recycled; write=0.409 s, sync=0.002 s, total=0.417 s; sync files=5, longest=0.001 s, average=0.001 s; distance=4 kB, estimate=34 kB; lsn=0/2034788, redo lsn=0/2034750
2024-08-12 15:01:37.791 MSK [87744] LOG:  checkpoint starting: time
2024-08-12 15:01:38.208 MSK [87744] LOG:  checkpoint complete: wrote 5 buffers (0.0%); 0 WAL file(s) added, 0 removed, 0 recycled; write=0.408 s, sync=0.001 s, total=0.417 s; sync files=5, longest=0.001 s, average=0.001 s; distance=4 kB, estimate=31 kB; lsn=0/2035840, redo lsn=0/2035808
2024-08-12 15:11:37.108 MSK [87744] LOG:  checkpoint starting: time
2024-08-12 15:11:37.528 MSK [87744] LOG:  checkpoint complete: wrote 5 buffers (0.0%); 0 WAL file(s) added, 0 removed, 0 recycled; write=0.411 s, sync=0.001 s, total=0.421 s; sync files=5, longest=0.001 s, average=0.001 s; distance=4 kB, estimate=28 kB; lsn=0/2036968, redo lsn=0/2036930
2024-08-12 23:19:45.260 MSK [87744] LOG:  checkpoint starting: time
2024-08-12 23:19:45.680 MSK [87744] LOG:  checkpoint complete: wrote 5 buffers (0.0%); 0 WAL file(s) added, 0 removed, 0 recycled; write=0.411 s, sync=0.001 s, total=0.422 s; sync files=5, longest=0.001 s, average=0.001 s; distance=4 kB, estimate=26 kB; lsn=0/2037AC0, redo lsn=0/2037A88
2024-08-21 00:21:13.608 MSK [87743] LOG:  received smart shutdown request
2024-08-21 00:21:13.613 MSK [87743] LOG:  background worker "logical replication launcher" (PID 87749) exited with exit code 1
2024-08-21 00:21:13.613 MSK [87744] LOG:  shutting down
2024-08-21 00:21:14.619 MSK [87744] LOG:  checkpoint starting: shutdown immediate
2024-08-21 00:21:14.632 MSK [87744] LOG:  checkpoint complete: wrote 0 buffers (0.0%); 0 WAL file(s) added, 0 removed, 0 recycled; write=0.007 s, sync=0.001 s, total=1.018 s; sync files=0, longest=0.000 s, average=0.000 s; distance=0 kB, estimate=23 kB; lsn=0/2037B70, redo lsn=0/2037B70
2024-08-21 00:21:14.643 MSK [87743] LOG:  database system is shut down
2024-08-23 20:14:47.365 MSK [14256] LOG:  starting PostgreSQL 16.2 (Postgres.app) on aarch64-apple-darwin21.6.0, compiled by Apple clang version 14.0.0 (clang-1400.0.29.102), 64-bit
2024-08-23 20:14:47.366 MSK [14256] LOG:  listening on IPv4 address "127.0.0.1", port 3001
2024-08-23 20:14:47.367 MSK [14256] LOG:  listening on IPv6 address "::1", port 3001
2024-08-23 20:14:47.367 MSK [14256] LOG:  listening on Unix socket "/tmp/.s.PGSQL.3001"
2024-08-23 20:14:47.373 MSK [14259] LOG:  database system was shut down at 2024-08-21 00:21:14 MSK
2024-08-23 20:14:47.380 MSK [14256] LOG:  database system is ready to accept connections
2024-08-23 20:19:47.363 MSK [14257] LOG:  checkpoint starting: time
2024-08-23 20:19:47.476 MSK [14257] LOG:  checkpoint complete: wrote 4 buffers (0.0%); 0 WAL file(s) added, 0 removed, 0 recycled; write=0.104 s, sync=0.001 s, total=0.114 s; sync files=3, longest=0.001 s, average=0.001 s; distance=0 kB, estimate=0 kB; lsn=0/2037C58, redo lsn=0/2037C20
2024-08-29 23:56:31.777 MSK [14257] LOG:  checkpoint starting: time
2024-08-29 23:56:32.199 MSK [14257] LOG:  checkpoint complete: wrote 5 buffers (0.0%); 0 WAL file(s) added, 0 removed, 0 recycled; write=0.411 s, sync=0.002 s, total=0.423 s; sync files=5, longest=0.001 s, average=0.001 s; distance=4 kB, estimate=4 kB; lsn=0/2038F50, redo lsn=0/2038F18
2024-09-06 23:00:05.271 MSK [14257] LOG:  checkpoint starting: time
2024-09-06 23:00:05.800 MSK [14257] LOG:  checkpoint complete: wrote 6 buffers (0.0%); 0 WAL file(s) added, 0 removed, 0 recycled; write=0.515 s, sync=0.002 s, total=0.532 s; sync files=6, longest=0.001 s, average=0.001 s; distance=12 kB, estimate=12 kB; lsn=0/203C198, redo lsn=0/203C160
2024-09-06 23:00:12.583 MSK [20175] ERROR:  invalid input syntax for type integer: ":id" at character 110
2024-09-06 23:00:12.583 MSK [20175] STATEMENT:  SELECT "id", "name", "orders", "role", "createdAt", "updatedAt" FROM "Users" AS "Users" WHERE "Users"."id" = ':id';
2024-09-06 23:03:38.573 MSK [20343] LOG:  invalid length of startup packet
2024-09-06 23:03:39.640 MSK [20344] LOG:  invalid length of startup packet
2024-09-06 23:03:39.642 MSK [20346] LOG:  invalid length of startup packet
2024-09-06 23:03:39.644 MSK [20347] LOG:  invalid length of startup packet
